Log file open, 09/29/19 16:06:16
LogWindows: Failed to load 'aqProf.dll' (GetLastError=126)
LogWindows: File 'aqProf.dll' does not exist
LogWindows: Failed to load 'VtuneApi.dll' (GetLastError=126)
LogWindows: File 'VtuneApi.dll' does not exist
LogWindows: Failed to load 'VtuneApi32e.dll' (GetLastError=126)
LogWindows: File 'VtuneApi32e.dll' does not exist
LogConsoleResponse: Display: Failed to find resolution value strings in scalability ini. Falling back to default.
LogInit: Display: Running engine for game: X-C4V
LogPakFile: Registered encryption key '00000000000000000000000000000000': 0 pak files mounted, 0 remain pending
LogPlatformFile: Not using cached read wrapper
LogTaskGraph: Started task graph with 5 named threads and 23 total threads with 3 sets of task threads.
LogStats: Stats thread started at 2.480478
LogD3D11RHI: Loaded GFSDK_Aftermath_Lib.x64.dll
LogICUInternationalization: ICU TimeZone Detection - Raw Offset: -5:00, Platform Override: ''
LogPluginManager: Mounting plugin Paper2D
LogPluginManager: Mounting plugin AISupport
LogPluginManager: Mounting plugin LightPropagationVolume
LogPluginManager: Mounting plugin ActorLayerUtilities
LogPluginManager: Mounting plugin AnimationSharing
LogPluginManager: Mounting plugin CLionSourceCodeAccess
LogPluginManager: Mounting plugin CodeLiteSourceCodeAccess
LogPluginManager: Mounting plugin GitSourceControl
LogPluginManager: Mounting plugin KDevelopSourceCodeAccess
LogPluginManager: Mounting plugin NullSourceCodeAccess
LogPluginManager: Mounting plugin PerforceSourceControl
LogPluginManager: Mounting plugin SubversionSourceControl
LogPluginManager: Mounting plugin UObjectPlugin
LogPluginManager: Mounting plugin VisualStudioCodeSourceCodeAccess
LogPluginManager: Mounting plugin VisualStudioSourceCodeAccess
LogPluginManager: Mounting plugin XCodeSourceCodeAccess
LogPluginManager: Mounting plugin AssetManagerEditor
LogPluginManager: Mounting plugin CryptoKeys
LogPluginManager: Mounting plugin DataValidation
LogPluginManager: Mounting plugin FacialAnimation
LogPluginManager: Mounting plugin GameplayTagsEditor
LogPluginManager: Mounting plugin MacGraphicsSwitching
LogPluginManager: Mounting plugin MaterialAnalyzer
LogPluginManager: Mounting plugin MobileLauncherProfileWizard
LogPluginManager: Mounting plugin PluginBrowser
LogPluginManager: Mounting plugin SpeedTreeImporter
LogPluginManager: Mounting plugin DatasmithContent
LogPluginManager: Mounting plugin VariantManagerContent
LogPluginManager: Mounting plugin AlembicImporter
LogPluginManager: Mounting plugin AppleImageUtils
LogPluginManager: Mounting plugin AppleVision
LogPluginManager: Mounting plugin BackChannel
LogPluginManager: Mounting plugin CharacterAI
LogPluginManager: Mounting plugin GeometryCache
LogPluginManager: Mounting plugin HTML5Networking
LogPluginManager: Mounting plugin ProxyLODPlugin
LogPluginManager: Mounting plugin SkeletalReduction
LogPluginManager: Mounting plugin MagicLeap
LogPluginManager: Mounting plugin MagicLeapMedia
LogPluginManager: Mounting plugin AndroidMedia
LogPluginManager: Mounting plugin AvfMedia
LogPluginManager: Mounting plugin ImgMedia
LogPluginManager: Mounting plugin LinearTimecode
LogPluginManager: Mounting plugin MediaCompositing
LogPluginManager: Mounting plugin MediaPlayerEditor
LogPluginManager: Mounting plugin WebMMedia
LogPluginManager: Mounting plugin WmfMedia
LogPluginManager: Mounting plugin TcpMessaging
LogPluginManager: Mounting plugin UdpMessaging
LogPluginManager: Mounting plugin ActorSequence
LogPluginManager: Mounting plugin LevelSequenceEditor
LogPluginManager: Mounting plugin MatineeToLevelSequence
LogPluginManager: Mounting plugin NetcodeUnitTest
LogPluginManager: Mounting plugin NUTUnrealEngine4
LogPluginManager: Mounting plugin OnlineSubsystemGooglePlay
LogPluginManager: Mounting plugin OnlineSubsystemIOS
LogPluginManager: Mounting plugin OnlineSubsystem
LogPluginManager: Mounting plugin OnlineSubsystemNull
LogPluginManager: Mounting plugin OnlineSubsystemUtils
LogPluginManager: Mounting plugin LauncherChunkInstaller
LogPluginManager: Mounting plugin AndroidDeviceProfileSelector
LogPluginManager: Mounting plugin AndroidMoviePlayer
LogPluginManager: Mounting plugin AndroidPermission
LogPluginManager: Mounting plugin AppleMoviePlayer
LogPluginManager: Mounting plugin ArchVisCharacter
LogPluginManager: Mounting plugin AudioCapture
LogPluginManager: Mounting plugin CableComponent
LogPluginManager: Mounting plugin CustomMeshComponent
LogPluginManager: Mounting plugin EditableMesh
LogPluginManager: Mounting plugin ExampleDeviceProfileSelector
LogPluginManager: Mounting plugin Firebase
LogPluginManager: Mounting plugin GoogleCloudMessaging
LogPluginManager: Mounting plugin IOSDeviceProfileSelector
LogPluginManager: Mounting plugin LinuxDeviceProfileSelector
LogPluginManager: Mounting plugin LocationServicesBPLibrary
LogPluginManager: Mounting plugin MobilePatchingUtils
LogPluginManager: Mounting plugin OculusVR
LogPluginManager: Mounting plugin PhysXVehicles
LogPluginManager: Mounting plugin ProceduralMeshComponent
LogPluginManager: Mounting plugin RuntimePhysXCooking
LogPluginManager: Mounting plugin SignificanceManager
LogPluginManager: Mounting plugin SteamVR
LogPluginManager: Mounting plugin WebMMoviePlayer
LogPluginManager: Mounting plugin WindowsMoviePlayer
LogInit: Using libcurl 7.55.1-DEV
LogInit:  - built for x86_64-pc-win32
LogInit:  - supports SSL with OpenSSL/1.1.1
LogInit:  - supports HTTP deflate (compression) using libz 1.2.8
LogInit:  - other features:
LogInit:      CURL_VERSION_SSL
LogInit:      CURL_VERSION_LIBZ
LogInit:      CURL_VERSION_IPV6
LogInit:      CURL_VERSION_ASYNCHDNS
LogInit:      CURL_VERSION_LARGEFILE
LogInit:      CURL_VERSION_IDN
LogInit:  CurlRequestOptions (configurable via config and command line):
LogInit:  - bVerifyPeer = true  - Libcurl will verify peer certificate
LogInit:  - bUseHttpProxy = false  - Libcurl will NOT use HTTP proxy
LogInit:  - bDontReuseConnections = false  - Libcurl will reuse connections
LogInit:  - MaxHostConnections = 16  - Libcurl will limit the number of connections to a host
LogInit:  - LocalHostAddr = Default
LogInit:  - BufferSize = 65536
LogInit: WinSock: version 1.1 (2.2), MaxSocks=32767, MaxUdp=65467
LogHMD: Failed initializing OVRPlugin 1.32.0
LogInit: Build: ++UE4+Release-4.22-CL-7053642
LogInit: Engine Version: 4.22.3-7053642+++UE4+Release-4.22
LogInit: Compatible Engine Version: 4.22.0-5660361+++UE4+Release-4.22
LogInit: Net CL: 5660361
LogInit: OS: Windows 10 (Release 1809) (), CPU: Intel(R) Core(TM) i7-7700K CPU @ 4.20GHz, GPU: NVIDIA GeForce GTX 970
LogInit: Compiled (64-bit): Jun 18 2019 03:09:11
LogInit: Compiled with Visual C++: 19.16.27025.01
LogInit: Build Configuration: Development
LogInit: Branch Name: ++UE4+Release-4.22
LogInit: Command Line: 
LogInit: Base Directory: D:/Programs/epicgames/Epic Games/UE_4.22/Engine/Binaries/Win64/
LogInit: Installed Engine Build: 1
LogDevObjectVersion: Number of dev versions registered: 23
LogDevObjectVersion:   Dev-Blueprints (B0D832E4-1F89-4F0D-ACCF-7EB736FD4AA2): 10
LogDevObjectVersion:   Dev-Build (E1C64328-A22C-4D53-A36C-8E866417BD8C): 0
LogDevObjectVersion:   Dev-Core (375EC13C-06E4-48FB-B500-84F0262A717E): 3
LogDevObjectVersion:   Dev-Editor (E4B068ED-F494-42E9-A231-DA0B2E46BB41): 30
LogDevObjectVersion:   Dev-Framework (CFFC743F-43B0-4480-9391-14DF171D2073): 35
LogDevObjectVersion:   Dev-Mobile (B02B49B5-BB20-44E9-A304-32B752E40360): 2
LogDevObjectVersion:   Dev-Networking (A4E4105C-59A1-49B5-A7C5-40C4547EDFEE): 0
LogDevObjectVersion:   Dev-Online (39C831C9-5AE6-47DC-9A44-9C173E1C8E7C): 0
LogDevObjectVersion:   Dev-Physics (78F01B33-EBEA-4F98-B9B4-84EACCB95AA2): 0
LogDevObjectVersion:   Dev-Platform (6631380F-2D4D-43E0-8009-CF276956A95A): 0
LogDevObjectVersion:   Dev-Rendering (12F88B9F-8875-4AFC-A67C-D90C383ABD29): 28
LogDevObjectVersion:   Dev-Sequencer (7B5AE74C-D270-4C10-A958-57980B212A5A): 11
LogDevObjectVersion:   Dev-VR (D7296918-1DD6-4BDD-9DE2-64A83CC13884): 2
LogDevObjectVersion:   Dev-LoadTimes (C2A15278-BFE7-4AFE-6C17-90FF531DF755): 1
LogDevObjectVersion:   Private-Geometry (6EACA3D4-40EC-4CC1-B786-8BED09428FC5): 3
LogDevObjectVersion:   Dev-AnimPhys (29E575DD-E0A3-4627-9D10-D276232CDCEA): 17
LogDevObjectVersion:   Dev-Anim (AF43A65D-7FD3-4947-9873-3E8ED9C1BB05): 2
LogDevObjectVersion:   Dev-ReflectionCapture (6B266CEC-1EC7-4B8F-A30B-E4D90942FC07): 1
LogDevObjectVersion:   Dev-Automation (0DF73D61-A23F-47EA-B727-89E90C41499A): 1
LogDevObjectVersion:   FortniteMain (601D1886-AC64-4F84-AA16-D3DE0DEAC7D6): 25
LogDevObjectVersion:   Dev-Enterprise (9DFFBCD6-494F-0158-E221-12823C92A888): 6
LogDevObjectVersion:   Dev-Niagara (F2AED0AC-9AFE-416F-8664-AA7FFA26D6FC): 1
LogDevObjectVersion:   Dev-Destruction (174F1F0B-B4C6-45A5-B13F-2EE8D0FB917D): 2
LogInit: Presizing for max 16777216 objects, including 0 objects not considered by GC, pre-allocating 0 bytes for permanent pool.
LogInit: Object subsystem initialized
LogConfig: Setting CVar [[con.DebugEarlyDefault:1]]
LogConfig: Setting CVar [[r.setres:1280x720]]
[2019.09.29-20.06.19:037][  0]LogConfig: Setting CVar [[r.VSync:0]]
[2019.09.29-20.06.19:037][  0]LogConfig: Setting CVar [[r.RHICmdBypass:0]]
[2019.09.29-20.06.19:037][  0]LogConfig: Applying CVar settings from Section [/Script/Engine.RendererSettings] File [C:/Users/apape/Desktop/X-C4V/Saved/Config/Windows/Engine.ini]
[2019.09.29-20.06.19:037][  0]LogConfig: Setting CVar [[r.GPUCrashDebugging:0]]
[2019.09.29-20.06.19:037][  0]LogConfig: Setting CVar [[r.GenerateMeshDistanceFields:1]]
[2019.09.29-20.06.19:037][  0]LogConfig: Applying CVar settings from Section [/Script/Engine.RendererOverrideSettings] File [C:/Users/apape/Desktop/X-C4V/Saved/Config/Windows/Engine.ini]
[2019.09.29-20.06.19:037][  0]LogConfig: Applying CVar settings from Section [/Script/Engine.StreamingSettings] File [C:/Users/apape/Desktop/X-C4V/Saved/Config/Windows/Engine.ini]
[2019.09.29-20.06.19:037][  0]LogConfig: Setting CVar [[s.MinBulkDataSizeForAsyncLoading:131072]]
[2019.09.29-20.06.19:038][  0]LogConfig: Setting CVar [[s.AsyncLoadingThreadEnabled:0]]
[2019.09.29-20.06.19:038][  0]LogConfig: Setting CVar [[s.EventDrivenLoaderEnabled:1]]
[2019.09.29-20.06.19:038][  0]LogConfig: Setting CVar [[s.WarnIfTimeLimitExceeded:0]]
[2019.09.29-20.06.19:038][  0]LogConfig: Setting CVar [[s.TimeLimitExceededMultiplier:1.5]]
[2019.09.29-20.06.19:038][  0]LogConfig: Setting CVar [[s.TimeLimitExceededMinTime:0.005]]
[2019.09.29-20.06.19:038][  0]LogConfig: Setting CVar [[s.UseBackgroundLevelStreaming:1]]
[2019.09.29-20.06.19:038][  0]LogConfig: Setting CVar [[s.PriorityAsyncLoadingExtraTime:15.0]]
[2019.09.29-20.06.19:038][  0]LogConfig: Setting CVar [[s.LevelStreamingActorsUpdateTimeLimit:5.0]]
[2019.09.29-20.06.19:038][  0]LogConfig: Setting CVar [[s.PriorityLevelStreamingActorsUpdateExtraTime:5.0]]
[2019.09.29-20.06.19:038][  0]LogConfig: Setting CVar [[s.LevelStreamingComponentsRegistrationGranularity:10]]
[2019.09.29-20.06.19:038][  0]LogConfig: Setting CVar [[s.UnregisterComponentsTimeLimit:1.0]]
[2019.09.29-20.06.19:038][  0]LogConfig: Setting CVar [[s.LevelStreamingComponentsUnregistrationGranularity:5]]
[2019.09.29-20.06.19:038][  0]LogConfig: Applying CVar settings from Section [/Script/Engine.GarbageCollectionSettings] File [C:/Users/apape/Desktop/X-C4V/Saved/Config/Windows/Engine.ini]
[2019.09.29-20.06.19:038][  0]LogConfig: Setting CVar [[gc.MaxObjectsNotConsideredByGC:1]]
[2019.09.29-20.06.19:038][  0]LogConfig: Setting CVar [[gc.SizeOfPermanentObjectPool:0]]
[2019.09.29-20.06.19:038][  0]LogConfig: Setting CVar [[gc.FlushStreamingOnGC:0]]
[2019.09.29-20.06.19:038][  0]LogConfig: Setting CVar [[gc.NumRetriesBeforeForcingGC:10]]
[2019.09.29-20.06.19:039][  0]LogConfig: Setting CVar [[gc.AllowParallelGC:1]]
[2019.09.29-20.06.19:039][  0]LogConfig: Setting CVar [[gc.TimeBetweenPurgingPendingKillObjects:61.1]]
[2019.09.29-20.06.19:039][  0]LogConfig: Setting CVar [[gc.MaxObjectsInEditor:16777216]]
[2019.09.29-20.06.19:039][  0]LogConfig: Setting CVar [[gc.IncrementalBeginDestroyEnabled:1]]
[2019.09.29-20.06.19:039][  0]LogConfig: Setting CVar [[gc.CreateGCClusters:1]]
[2019.09.29-20.06.19:039][  0]LogConfig: Setting CVar [[gc.MinGCClusterSize:5]]
[2019.09.29-20.06.19:039][  0]LogConfig: Setting CVar [[gc.ActorClusteringEnabled:0]]
[2019.09.29-20.06.19:039][  0]LogConfig: Setting CVar [[gc.BlueprintClusteringEnabled:0]]
[2019.09.29-20.06.19:039][  0]LogConfig: Setting CVar [[gc.UseDisregardForGCOnDedicatedServers:0]]
[2019.09.29-20.06.19:039][  0]LogConfig: Applying CVar settings from Section [/Script/Engine.NetworkSettings] File [C:/Users/apape/Desktop/X-C4V/Saved/Config/Windows/Engine.ini]
[2019.09.29-20.06.19:039][  0]LogConfig: Applying CVar settings from Section [/Script/UnrealEd.CookerSettings] File [C:/Users/apape/Desktop/X-C4V/Saved/Config/Windows/Engine.ini]
[2019.09.29-20.06.19:130][  0]LogConfig: Applying CVar settings from Section [ViewDistanceQuality@3] File [C:/Users/apape/Desktop/X-C4V/Saved/Config/Windows/Scalability.ini]
[2019.09.29-20.06.19:130][  0]LogConfig: Setting CVar [[r.SkeletalMeshLODBias:0]]
[2019.09.29-20.06.19:130][  0]LogConfig: Setting CVar [[r.ViewDistanceScale:1.0]]
[2019.09.29-20.06.19:130][  0]LogConfig: Applying CVar settings from Section [AntiAliasingQuality@3] File [C:/Users/apape/Desktop/X-C4V/Saved/Config/Windows/Scalability.ini]
[2019.09.29-20.06.19:130][  0]LogConfig: Setting CVar [[r.PostProcessAAQuality:4]]
[2019.09.29-20.06.19:130][  0]LogConfig: Applying CVar settings from Section [ShadowQuality@3] File [C:/Users/apape/Desktop/X-C4V/Saved/Config/Windows/Scalability.ini]
[2019.09.29-20.06.19:130][  0]LogConfig: Setting CVar [[r.LightFunctionQuality:1]]
[2019.09.29-20.06.19:131][  0]LogConfig: Setting CVar [[r.ShadowQuality:5]]
[2019.09.29-20.06.19:131][  0]LogConfig: Setting CVar [[r.Shadow.CSM.MaxCascades:10]]
[2019.09.29-20.06.19:131][  0]LogConfig: Setting CVar [[r.Shadow.MaxResolution:2048]]
[2019.09.29-20.06.19:131][  0]LogConfig: Setting CVar [[r.Shadow.MaxCSMResolution:2048]]
[2019.09.29-20.06.19:131][  0]LogConfig: Setting CVar [[r.Shadow.RadiusThreshold:0.01]]
[2019.09.29-20.06.19:131][  0]LogConfig: Setting CVar [[r.Shadow.DistanceScale:1.0]]
[2019.09.29-20.06.19:131][  0]LogConfig: Setting CVar [[r.Shadow.CSM.TransitionScale:1.0]]
[2019.09.29-20.06.19:131][  0]LogConfig: Setting CVar [[r.Shadow.PreShadowResolutionFactor:1.0]]
[2019.09.29-20.06.19:131][  0]LogConfig: Setting CVar [[r.DistanceFieldShadowing:1]]
[2019.09.29-20.06.19:131][  0]LogConfig: Setting CVar [[r.DistanceFieldAO:1]]
[2019.09.29-20.06.19:131][  0]LogConfig: Setting CVar [[r.AOQuality:2]]
[2019.09.29-20.06.19:131][  0]LogConfig: Setting CVar [[r.VolumetricFog:1]]
[2019.09.29-20.06.19:131][  0]LogConfig: Setting CVar [[r.VolumetricFog.GridPixelSize:8]]
[2019.09.29-20.06.19:131][  0]LogConfig: Setting CVar [[r.VolumetricFog.GridSizeZ:128]]
[2019.09.29-20.06.19:131][  0]LogConfig: Setting CVar [[r.VolumetricFog.HistoryMissSupersampleCount:4]]
[2019.09.29-20.06.19:131][  0]LogConfig: Setting CVar [[r.LightMaxDrawDistanceScale:1]]
[2019.09.29-20.06.19:131][  0]LogConfig: Setting CVar [[r.CapsuleShadows:1]]
[2019.09.29-20.06.19:132][  0]LogConfig: Applying CVar settings from Section [PostProcessQuality@3] File [C:/Users/apape/Desktop/X-C4V/Saved/Config/Windows/Scalability.ini]
[2019.09.29-20.06.19:132][  0]LogConfig: Setting CVar [[r.MotionBlurQuality:4]]
[2019.09.29-20.06.19:132][  0]LogConfig: Setting CVar [[r.AmbientOcclusionMipLevelFactor:0.4]]
[2019.09.29-20.06.19:132][  0]LogConfig: Setting CVar [[r.AmbientOcclusionMaxQuality:100]]
[2019.09.29-20.06.19:132][  0]LogConfig: Setting CVar [[r.AmbientOcclusionLevels:-1]]
[2019.09.29-20.06.19:132][  0]LogConfig: Setting CVar [[r.AmbientOcclusionRadiusScale:1.0]]
[2019.09.29-20.06.19:132][  0]LogConfig: Setting CVar [[r.DepthOfFieldQuality:2]]
[2019.09.29-20.06.19:132][  0]LogConfig: Setting CVar [[r.RenderTargetPoolMin:400]]
[2019.09.29-20.06.19:132][  0]LogConfig: Setting CVar [[r.LensFlareQuality:2]]
[2019.09.29-20.06.19:132][  0]LogConfig: Setting CVar [[r.SceneColorFringeQuality:1]]
[2019.09.29-20.06.19:132][  0]LogConfig: Setting CVar [[r.EyeAdaptationQuality:2]]
[2019.09.29-20.06.19:132][  0]LogConfig: Setting CVar [[r.BloomQuality:5]]
[2019.09.29-20.06.19:132][  0]LogConfig: Setting CVar [[r.FastBlurThreshold:100]]
[2019.09.29-20.06.19:132][  0]LogConfig: Setting CVar [[r.Upscale.Quality:3]]
[2019.09.29-20.06.19:132][  0]LogConfig: Setting CVar [[r.Tonemapper.GrainQuantization:1]]
[2019.09.29-20.06.19:132][  0]LogConfig: Setting CVar [[r.LightShaftQuality:1]]
[2019.09.29-20.06.19:132][  0]LogConfig: Setting CVar [[r.Filter.SizeScale:1]]
[2019.09.29-20.06.19:132][  0]LogConfig: Setting CVar [[r.Tonemapper.Quality:5]]
[2019.09.29-20.06.19:132][  0]LogConfig: Setting CVar [[r.DOF.Gather.AccumulatorQuality:1        ; higher gathering accumulator quality]]
[2019.09.29-20.06.19:132][  0]LogConfig: Setting CVar [[r.DOF.Gather.PostfilterMethod:1          ; Median3x3 postfilering method]]
[2019.09.29-20.06.19:133][  0]LogConfig: Setting CVar [[r.DOF.Gather.EnableBokehSettings:0       ; no bokeh simulation when gathering]]
[2019.09.29-20.06.19:133][  0]LogConfig: Setting CVar [[r.DOF.Gather.RingCount:4                 ; medium number of samples when gathering]]
[2019.09.29-20.06.19:133][  0]LogConfig: Setting CVar [[r.DOF.Scatter.ForegroundCompositing:1    ; additive foreground scattering]]
[2019.09.29-20.06.19:133][  0]LogConfig: Setting CVar [[r.DOF.Scatter.BackgroundCompositing:2    ; additive background scattering]]
[2019.09.29-20.06.19:133][  0]LogConfig: Setting CVar [[r.DOF.Scatter.EnableBokehSettings:1      ; bokeh simulation when scattering]]
[2019.09.29-20.06.19:133][  0]LogConfig: Setting CVar [[r.DOF.Scatter.MaxSpriteRatio:0.1         ; only a maximum of 10% of scattered bokeh]]
[2019.09.29-20.06.19:133][  0]LogConfig: Setting CVar [[r.DOF.Recombine.Quality:1                ; cheap slight out of focus]]
[2019.09.29-20.06.19:133][  0]LogConfig: Setting CVar [[r.DOF.Recombine.EnableBokehSettings:0    ; no bokeh simulation on slight out of focus]]
[2019.09.29-20.06.19:133][  0]LogConfig: Setting CVar [[r.DOF.TemporalAAQuality:1                ; more stable temporal accumulation]]
[2019.09.29-20.06.19:133][  0]LogConfig: Setting CVar [[r.DOF.Kernel.MaxForegroundRadius:0.025]]
[2019.09.29-20.06.19:133][  0]LogConfig: Setting CVar [[r.DOF.Kernel.MaxBackgroundRadius:0.025]]
[2019.09.29-20.06.19:133][  0]LogConfig: Applying CVar settings from Section [TextureQuality@3] File [C:/Users/apape/Desktop/X-C4V/Saved/Config/Windows/Scalability.ini]
[2019.09.29-20.06.19:133][  0]LogConfig: Setting CVar [[r.Streaming.MipBias:0]]
[2019.09.29-20.06.19:133][  0]LogConfig: Setting CVar [[r.Streaming.AmortizeCPUToGPUCopy:0]]
[2019.09.29-20.06.19:133][  0]LogConfig: Setting CVar [[r.Streaming.MaxNumTexturesToStreamPerFrame:0]]
[2019.09.29-20.06.19:133][  0]LogConfig: Setting CVar [[r.Streaming.Boost:1]]
[2019.09.29-20.06.19:133][  0]LogConfig: Setting CVar [[r.MaxAnisotropy:8]]
[2019.09.29-20.06.19:133][  0]LogConfig: Setting CVar [[r.Streaming.LimitPoolSizeToVRAM:0]]
[2019.09.29-20.06.19:134][  0]LogConfig: Setting CVar [[r.Streaming.PoolSize:1000]]
[2019.09.29-20.06.19:134][  0]LogConfig: Setting CVar [[r.Streaming.MaxEffectiveScreenSize:0]]
[2019.09.29-20.06.19:134][  0]LogConfig: Applying CVar settings from Section [EffectsQuality@3] File [C:/Users/apape/Desktop/X-C4V/Saved/Config/Windows/Scalability.ini]
[2019.09.29-20.06.19:134][  0]LogConfig: Setting CVar [[r.TranslucencyLightingVolumeDim:64]]
[2019.09.29-20.06.19:134][  0]LogConfig: Setting CVar [[r.RefractionQuality:2]]
[2019.09.29-20.06.19:134][  0]LogConfig: Setting CVar [[r.SSR.Quality:3]]
[2019.09.29-20.06.19:134][  0]LogConfig: Setting CVar [[r.SceneColorFormat:4]]
[2019.09.29-20.06.19:134][  0]LogConfig: Setting CVar [[r.DetailMode:2]]
[2019.09.29-20.06.19:134][  0]LogConfig: Setting CVar [[r.TranslucencyVolumeBlur:1]]
[2019.09.29-20.06.19:134][  0]LogConfig: Setting CVar [[r.MaterialQualityLevel:1 ; High quality]]
[2019.09.29-20.06.19:134][  0]LogConfig: Setting CVar [[r.SSS.Scale:1]]
[2019.09.29-20.06.19:134][  0]LogConfig: Setting CVar [[r.SSS.SampleSet:2]]
[2019.09.29-20.06.19:134][  0]LogConfig: Setting CVar [[r.SSS.Quality:1]]
[2019.09.29-20.06.19:134][  0]LogConfig: Setting CVar [[r.SSS.HalfRes:1]]
[2019.09.29-20.06.19:134][  0]LogConfig: Setting CVar [[r.EmitterSpawnRateScale:1.0]]
[2019.09.29-20.06.19:134][  0]LogConfig: Setting CVar [[r.ParticleLightQuality:2]]
[2019.09.29-20.06.19:134][  0]LogConfig: Applying CVar settings from Section [FoliageQuality@3] File [C:/Users/apape/Desktop/X-C4V/Saved/Config/Windows/Scalability.ini]
[2019.09.29-20.06.19:135][  0]LogConfig: Setting CVar [[foliage.DensityScale:1.0]]
[2019.09.29-20.06.19:135][  0]LogConfig: Setting CVar [[grass.DensityScale:1.0]]
[2019.09.29-20.06.19:142][  0]LogInit: Selected Device Profile: [Windows]
[2019.09.29-20.06.19:142][  0]LogInit: Applying CVar settings loaded from the selected device profile: [Windows]
[2019.09.29-20.06.19:214][  0]LogHAL: Display: Platform has ~ 16 GB [17142611968 / 17179869184 / 16], which maps to Larger [LargestMinGB=32, LargerMinGB=12, DefaultMinGB=8, SmallerMinGB=6, SmallestMinGB=0)
[2019.09.29-20.06.19:217][  0]LogConfig: Setting CVar [[r.Vulkan.UseRealUBs:0		; Required until we fix HLR fall-out]]
[2019.09.29-20.06.19:217][  0]LogInit: Going up to parent DeviceProfile []
[2019.09.29-20.06.19:217][  0]LogConfig: Applying CVar settings from Section [ViewDistanceQuality@3] File [C:/Users/apape/Desktop/X-C4V/Saved/Config/Windows/Scalability.ini]
[2019.09.29-20.06.19:217][  0]LogConfig: Setting CVar [[r.SkeletalMeshLODBias:0]]
[2019.09.29-20.06.19:217][  0]LogConfig: Setting CVar [[r.ViewDistanceScale:1.0]]
[2019.09.29-20.06.19:217][  0]LogConfig: Applying CVar settings from Section [AntiAliasingQuality@3] File [C:/Users/apape/Desktop/X-C4V/Saved/Config/Windows/Scalability.ini]
[2019.09.29-20.06.19:217][  0]LogConfig: Setting CVar [[r.PostProcessAAQuality:4]]
[2019.09.29-20.06.19:217][  0]LogConfig: Applying CVar settings from Section [ShadowQuality@3] File [C:/Users/apape/Desktop/X-C4V/Saved/Config/Windows/Scalability.ini]
[2019.09.29-20.06.19:217][  0]LogConfig: Setting CVar [[r.LightFunctionQuality:1]]
[2019.09.29-20.06.19:217][  0]LogConfig: Setting CVar [[r.ShadowQuality:5]]
[2019.09.29-20.06.19:217][  0]LogConfig: Setting CVar [[r.Shadow.CSM.MaxCascades:10]]
[2019.09.29-20.06.19:217][  0]LogConfig: Setting CVar [[r.Shadow.MaxResolution:2048]]
[2019.09.29-20.06.19:217][  0]LogConfig: Setting CVar [[r.Shadow.MaxCSMResolution:2048]]
[2019.09.29-20.06.19:218][  0]LogConfig: Setting CVar [[r.Shadow.RadiusThreshold:0.01]]
[2019.09.29-20.06.19:218][  0]LogConfig: Setting CVar [[r.Shadow.DistanceScale:1.0]]
[2019.09.29-20.06.19:218][  0]LogConfig: Setting CVar [[r.Shadow.CSM.TransitionScale:1.0]]
[2019.09.29-20.06.19:218][  0]LogConfig: Setting CVar [[r.Shadow.PreShadowResolutionFactor:1.0]]
[2019.09.29-20.06.19:218][  0]LogConfig: Setting CVar [[r.DistanceFieldShadowing:1]]
[2019.09.29-20.06.19:218][  0]LogConfig: Setting CVar [[r.DistanceFieldAO:1]]
[2019.09.29-20.06.19:218][  0]LogConfig: Setting CVar [[r.AOQuality:2]]
[2019.09.29-20.06.19:218][  0]LogConfig: Setting CVar [[r.VolumetricFog:1]]
[2019.09.29-20.06.19:218][  0]LogConfig: Setting CVar [[r.VolumetricFog.GridPixelSize:8]]
[2019.09.29-20.06.19:218][  0]LogConfig: Setting CVar [[r.VolumetricFog.GridSizeZ:128]]
[2019.09.29-20.06.19:218][  0]LogConfig: Setting CVar [[r.VolumetricFog.HistoryMissSupersampleCount:4]]
[2019.09.29-20.06.19:218][  0]LogConfig: Setting CVar [[r.LightMaxDrawDistanceScale:1]]
[2019.09.29-20.06.19:218][  0]LogConfig: Setting CVar [[r.CapsuleShadows:1]]
[2019.09.29-20.06.19:218][  0]LogConfig: Applying CVar settings from Section [PostProcessQuality@3] File [C:/Users/apape/Desktop/X-C4V/Saved/Config/Windows/Scalability.ini]
[2019.09.29-20.06.19:218][  0]LogConfig: Setting CVar [[r.MotionBlurQuality:4]]
[2019.09.29-20.06.19:218][  0]LogConfig: Setting CVar [[r.AmbientOcclusionMipLevelFactor:0.4]]
[2019.09.29-20.06.19:218][  0]LogConfig: Setting CVar [[r.AmbientOcclusionMaxQuality:100]]
[2019.09.29-20.06.19:218][  0]LogConfig: Setting CVar [[r.AmbientOcclusionLevels:-1]]
[2019.09.29-20.06.19:218][  0]LogConfig: Setting CVar [[r.AmbientOcclusionRadiusScale:1.0]]
[2019.09.29-20.06.19:218][  0]LogConfig: Setting CVar [[r.DepthOfFieldQuality:2]]
[2019.09.29-20.06.19:218][  0]LogConfig: Setting CVar [[r.RenderTargetPoolMin:400]]
[2019.09.29-20.06.19:218][  0]LogConfig: Setting CVar [[r.LensFlareQuality:2]]
[2019.09.29-20.06.19:218][  0]LogConfig: Setting CVar [[r.SceneColorFringeQuality:1]]
[2019.09.29-20.06.19:218][  0]LogConfig: Setting CVar [[r.EyeAdaptationQuality:2]]
[2019.09.29-20.06.19:218][  0]LogConfig: Setting CVar [[r.BloomQuality:5]]
[2019.09.29-20.06.19:218][  0]LogConfig: Setting CVar [[r.FastBlurThreshold:100]]
[2019.09.29-20.06.19:218][  0]LogConfig: Setting CVar [[r.Upscale.Quality:3]]
[2019.09.29-20.06.19:218][  0]LogConfig: Setting CVar [[r.Tonemapper.GrainQuantization:1]]
[2019.09.29-20.06.19:218][  0]LogConfig: Setting CVar [[r.LightShaftQuality:1]]
[2019.09.29-20.06.19:218][  0]LogConfig: Setting CVar [[r.Filter.SizeScale:1]]
[2019.09.29-20.06.19:218][  0]LogConfig: Setting CVar [[r.Tonemapper.Quality:5]]
[2019.09.29-20.06.19:218][  0]LogConfig: Setting CVar [[r.DOF.Gather.AccumulatorQuality:1        ; higher gathering accumulator quality]]
[2019.09.29-20.06.19:218][  0]LogConfig: Setting CVar [[r.DOF.Gather.PostfilterMethod:1          ; Median3x3 postfilering method]]
[2019.09.29-20.06.19:219][  0]LogConfig: Setting CVar [[r.DOF.Gather.EnableBokehSettings:0       ; no bokeh simulation when gathering]]
[2019.09.29-20.06.19:219][  0]LogConfig: Setting CVar [[r.DOF.Gather.RingCount:4                 ; medium number of samples when gathering]]
[2019.09.29-20.06.19:219][  0]LogConfig: Setting CVar [[r.DOF.Scatter.ForegroundCompositing:1    ; additive foreground scattering]]
[2019.09.29-20.06.19:219][  0]LogConfig: Setting CVar [[r.DOF.Scatter.BackgroundCompositing:2    ; additive background scattering]]
[2019.09.29-20.06.19:219][  0]LogConfig: Setting CVar [[r.DOF.Scatter.EnableBokehSettings:1      ; bokeh simulation when scattering]]
[2019.09.29-20.06.19:219][  0]LogConfig: Setting CVar [[r.DOF.Scatter.MaxSpriteRatio:0.1         ; only a maximum of 10% of scattered bokeh]]
[2019.09.29-20.06.19:219][  0]LogConfig: Setting CVar [[r.DOF.Recombine.Quality:1                ; cheap slight out of focus]]
[2019.09.29-20.06.19:219][  0]LogConfig: Setting CVar [[r.DOF.Recombine.EnableBokehSettings:0    ; no bokeh simulation on slight out of focus]]
[2019.09.29-20.06.19:219][  0]LogConfig: Setting CVar [[r.DOF.TemporalAAQuality:1                ; more stable temporal accumulation]]
[2019.09.29-20.06.19:219][  0]LogConfig: Setting CVar [[r.DOF.Kernel.MaxForegroundRadius:0.025]]
[2019.09.29-20.06.19:219][  0]LogConfig: Setting CVar [[r.DOF.Kernel.MaxBackgroundRadius:0.025]]
[2019.09.29-20.06.19:219][  0]LogConfig: Applying CVar settings from Section [TextureQuality@3] File [C:/Users/apape/Desktop/X-C4V/Saved/Config/Windows/Scalability.ini]
[2019.09.29-20.06.19:219][  0]LogConfig: Setting CVar [[r.Streaming.MipBias:0]]
[2019.09.29-20.06.19:219][  0]LogConfig: Setting CVar [[r.Streaming.AmortizeCPUToGPUCopy:0]]
[2019.09.29-20.06.19:219][  0]LogConfig: Setting CVar [[r.Streaming.MaxNumTexturesToStreamPerFrame:0]]
[2019.09.29-20.06.19:219][  0]LogConfig: Setting CVar [[r.Streaming.Boost:1]]
[2019.09.29-20.06.19:219][  0]LogConfig: Setting CVar [[r.MaxAnisotropy:8]]
[2019.09.29-20.06.19:219][  0]LogConfig: Setting CVar [[r.Streaming.LimitPoolSizeToVRAM:0]]
[2019.09.29-20.06.19:219][  0]LogConfig: Setting CVar [[r.Streaming.PoolSize:1000]]
[2019.09.29-20.06.19:219][  0]LogConfig: Setting CVar [[r.Streaming.MaxEffectiveScreenSize:0]]
[2019.09.29-20.06.19:219][  0]LogConfig: Applying CVar settings from Section [EffectsQuality@3] File [C:/Users/apape/Desktop/X-C4V/Saved/Config/Windows/Scalability.ini]
[2019.09.29-20.06.19:219][  0]LogConfig: Setting CVar [[r.TranslucencyLightingVolumeDim:64]]
[2019.09.29-20.06.19:219][  0]LogConfig: Setting CVar [[r.RefractionQuality:2]]
[2019.09.29-20.06.19:219][  0]LogConfig: Setting CVar [[r.SSR.Quality:3]]
[2019.09.29-20.06.19:219][  0]LogConfig: Setting CVar [[r.SceneColorFormat:4]]
[2019.09.29-20.06.19:219][  0]LogConfig: Setting CVar [[r.DetailMode:2]]
[2019.09.29-20.06.19:219][  0]LogConfig: Setting CVar [[r.TranslucencyVolumeBlur:1]]
[2019.09.29-20.06.19:219][  0]LogConfig: Setting CVar [[r.MaterialQualityLevel:1 ; High quality]]
[2019.09.29-20.06.19:219][  0]LogConfig: Setting CVar [[r.SSS.Scale:1]]
[2019.09.29-20.06.19:219][  0]LogConfig: Setting CVar [[r.SSS.SampleSet:2]]
[2019.09.29-20.06.19:219][  0]LogConfig: Setting CVar [[r.SSS.Quality:1]]
[2019.09.29-20.06.19:219][  0]LogConfig: Setting CVar [[r.SSS.HalfRes:1]]
[2019.09.29-20.06.19:220][  0]LogConfig: Setting CVar [[r.EmitterSpawnRateScale:1.0]]
[2019.09.29-20.06.19:220][  0]LogConfig: Setting CVar [[r.ParticleLightQuality:2]]
[2019.09.29-20.06.19:220][  0]LogConfig: Applying CVar settings from Section [FoliageQuality@3] File [C:/Users/apape/Desktop/X-C4V/Saved/Config/Windows/Scalability.ini]
[2019.09.29-20.06.19:220][  0]LogConfig: Setting CVar [[foliage.DensityScale:1.0]]
[2019.09.29-20.06.19:220][  0]LogConfig: Setting CVar [[grass.DensityScale:1.0]]
[2019.09.29-20.06.19:220][  0]LogConfig: Applying CVar settings from Section [Startup] File [../../../Engine/Config/ConsoleVariables.ini]
[2019.09.29-20.06.19:235][  0]LogConfig: Setting CVar [[net.UseAdaptiveNetUpdateFrequency:0]]
[2019.09.29-20.06.19:235][  0]LogConfig: Setting CVar [[p.chaos.AllowCreatePhysxBodies:1]]
[2019.09.29-20.06.19:235][  0]LogConfig: Applying CVar settings from Section [ConsoleVariables] File [C:/Users/apape/Desktop/X-C4V/Saved/Config/Windows/Engine.ini]
[2019.09.29-20.06.19:249][  0]LogInit: Computer: NOVA
[2019.09.29-20.06.19:249][  0]LogInit: User: void
[2019.09.29-20.06.19:249][  0]LogInit: CPU Page size=4096, Cores=4
[2019.09.29-20.06.19:249][  0]LogInit: High frequency timer resolution =10.000000 MHz
[2019.09.29-20.06.19:249][  0]LogMemory: Memory total: Physical=16.0GB (16GB approx)
[2019.09.29-20.06.19:249][  0]LogMemory: Platform Memory Stats for Windows
[2019.09.29-20.06.19:249][  0]LogMemory: Process Physical Memory: 100.69 MB used, 100.69 MB peak
[2019.09.29-20.06.19:249][  0]LogMemory: Process Virtual Memory: 96.13 MB used, 96.13 MB peak
[2019.09.29-20.06.19:250][  0]LogMemory: Physical Memory: 5259.29 MB used,  11089.18 MB free, 16348.47 MB total
[2019.09.29-20.06.19:250][  0]LogMemory: Virtual Memory: 4679.43 MB used,  134213048.00 MB free, 134217728.00 MB total
[2019.09.29-20.06.19:969][  0]LogInit: Using OS detected language (en-US).
[2019.09.29-20.06.19:969][  0]LogInit: Using OS detected locale (en-US).
[2019.09.29-20.06.19:992][  0]LogTextLocalizationManager: No specific localization for 'en-US' exists, so the 'en' localization will be used.
[2019.09.29-20.06.20:496][  0]LogInit: Setting process to per monitor DPI aware
[2019.09.29-20.06.21:032][  0]LogSlate: New Slate User Created.  User Index 0, Is Virtual User: 0
[2019.09.29-20.06.21:032][  0]LogSlate: Slate User Registered.  User Index 0, Is Virtual User: 0
[2019.09.29-20.06.23:066][  0]LogHMD: Failed to initialize OpenVR with code 126
[2019.09.29-20.06.23:066][  0]LogD3D11RHI: D3D11 adapters:
[2019.09.29-20.06.23:150][  0]LogD3D11RHI:    0. 'NVIDIA GeForce GTX 970' (Feature Level 11_0)
[2019.09.29-20.06.23:150][  0]LogD3D11RHI:       4043/0/8174 MB DedicatedVideo/DedicatedSystem/SharedSystem, Outputs:3, VendorId:0x10de
[2019.09.29-20.06.23:152][  0]LogD3D11RHI:    1. 'Microsoft Basic Render Driver' (Feature Level 11_0)
[2019.09.29-20.06.23:152][  0]LogD3D11RHI:       0/0/8174 MB DedicatedVideo/DedicatedSystem/SharedSystem, Outputs:0, VendorId:0x1414
[2019.09.29-20.06.23:152][  0]LogD3D11RHI: Chosen D3D11 Adapter: 0
[2019.09.29-20.06.23:158][  0]LogD3D11RHI: Creating new Direct3DDevice
[2019.09.29-20.06.23:158][  0]LogD3D11RHI:     GPU DeviceId: 0x13c2 (for the marketing name, search the web for "GPU Device Id")
[2019.09.29-20.06.23:158][  0]LogWindows: EnumDisplayDevices:
[2019.09.29-20.06.23:158][  0]LogWindows:    0. 'NVIDIA GeForce GTX 970' (P:0 D:1)
[2019.09.29-20.06.23:158][  0]LogWindows:    1. 'NVIDIA GeForce GTX 970' (P:1 D:1)
[2019.09.29-20.06.23:159][  0]LogWindows:    2. 'NVIDIA GeForce GTX 970' (P:0 D:1)
[2019.09.29-20.06.23:159][  0]LogWindows:    3. 'NVIDIA GeForce GTX 970' (P:0 D:0)
[2019.09.29-20.06.23:159][  0]LogWindows: DebugString: FoundDriverCount:4 
[2019.09.29-20.06.23:159][  0]LogD3D11RHI:     Adapter Name: NVIDIA GeForce GTX 970
[2019.09.29-20.06.23:159][  0]LogD3D11RHI:   Driver Version: 436.30 (internal:26.21.14.3630, unified:436.30)
[2019.09.29-20.06.23:159][  0]LogD3D11RHI:      Driver Date: 9-5-2019
[2019.09.29-20.06.23:159][  0]LogRHI: Texture pool is 2830 MB (70% of 4043 MB)
[2019.09.29-20.06.23:191][  0]LogD3D11RHI: Async texture creation enabled
[2019.09.29-20.06.23:282][  0]LogRendererCore: FGlobalReadBuffer::InitRHI
[2019.09.29-20.06.23:285][  0]LogRendererCore: FGlobalReadBuffer::InitRHI
[2019.09.29-20.06.23:285][  0]LogRendererCore: FGlobalReadBuffer::InitRHI
[2019.09.29-20.06.23:307][  0]LogD3D11RHI: GPU Timing Frequency: 1000.000000 (Debug: 2 1)
[2019.09.29-20.06.24:599][  0]LogTemp: Display: Module 'AllDesktopTargetPlatform' loaded TargetPlatform 'AllDesktop'
[2019.09.29-20.06.24:640][  0]LogTemp: Display: Module 'MacClientTargetPlatform' loaded TargetPlatform 'MacClient'
[2019.09.29-20.06.24:658][  0]LogTemp: Display: Module 'MacNoEditorTargetPlatform' loaded TargetPlatform 'MacNoEditor'
[2019.09.29-20.06.24:679][  0]LogTemp: Display: Module 'MacServerTargetPlatform' loaded TargetPlatform 'MacServer'
[2019.09.29-20.06.24:723][  0]LogTemp: Display: Module 'MacTargetPlatform' loaded TargetPlatform 'Mac'
[2019.09.29-20.06.24:752][  0]LogTemp: Display: Module 'WindowsClientTargetPlatform' loaded TargetPlatform 'WindowsClient'
[2019.09.29-20.06.24:773][  0]LogTemp: Display: Module 'WindowsNoEditorTargetPlatform' loaded TargetPlatform 'WindowsNoEditor'
[2019.09.29-20.06.24:800][  0]LogTemp: Display: Module 'WindowsServerTargetPlatform' loaded TargetPlatform 'WindowsServer'
[2019.09.29-20.06.24:814][  0]LogTemp: Display: Module 'WindowsTargetPlatform' loaded TargetPlatform 'Windows'
[2019.09.29-20.06.24:901][  0]LogTemp: Display: Module 'AndroidTargetPlatform' loaded TargetPlatform 'Android'
[2019.09.29-20.06.24:901][  0]LogTemp: Display: Module 'AndroidTargetPlatform' loaded TargetPlatform 'Android_ASTC'
[2019.09.29-20.06.24:901][  0]LogTemp: Display: Module 'AndroidTargetPlatform' loaded TargetPlatform 'Android_ATC'
[2019.09.29-20.06.24:901][  0]LogTemp: Display: Module 'AndroidTargetPlatform' loaded TargetPlatform 'Android_DXT'
[2019.09.29-20.06.24:901][  0]LogTemp: Display: Module 'AndroidTargetPlatform' loaded TargetPlatform 'Android_ETC1'
[2019.09.29-20.06.24:901][  0]LogTemp: Display: Module 'AndroidTargetPlatform' loaded TargetPlatform 'Android_ETC1a'
[2019.09.29-20.06.24:901][  0]LogTemp: Display: Module 'AndroidTargetPlatform' loaded TargetPlatform 'Android_ETC2'
[2019.09.29-20.06.24:901][  0]LogTemp: Display: Module 'AndroidTargetPlatform' loaded TargetPlatform 'Android_PVRTC'
[2019.09.29-20.06.24:901][  0]LogTemp: Display: Module 'AndroidTargetPlatform' loaded TargetPlatform 'AndroidClient'
[2019.09.29-20.06.24:901][  0]LogTemp: Display: Module 'AndroidTargetPlatform' loaded TargetPlatform 'Android_ASTCClient'
[2019.09.29-20.06.24:901][  0]LogTemp: Display: Module 'AndroidTargetPlatform' loaded TargetPlatform 'Android_ATCClient'
[2019.09.29-20.06.24:901][  0]LogTemp: Display: Module 'AndroidTargetPlatform' loaded TargetPlatform 'Android_DXTClient'
[2019.09.29-20.06.24:901][  0]LogTemp: Display: Module 'AndroidTargetPlatform' loaded TargetPlatform 'Android_ETC1Client'
[2019.09.29-20.06.24:901][  0]LogTemp: Display: Module 'AndroidTargetPlatform' loaded TargetPlatform 'Android_ETC1aClient'
[2019.09.29-20.06.24:901][  0]LogTemp: Display: Module 'AndroidTargetPlatform' loaded TargetPlatform 'Android_ETC2Client'
[2019.09.29-20.06.24:901][  0]LogTemp: Display: Module 'AndroidTargetPlatform' loaded TargetPlatform 'Android_PVRTCClient'
[2019.09.29-20.06.24:901][  0]LogTemp: Display: Module 'AndroidTargetPlatform' loaded TargetPlatform 'Android_Multi'
[2019.09.29-20.06.24:901][  0]LogTemp: Display: Module 'AndroidTargetPlatform' loaded TargetPlatform 'Android_MultiClient'
[2019.09.29-20.06.24:916][  0]LogTemp: Display: Module 'HTML5TargetPlatform' loaded TargetPlatform 'HTML5'
[2019.09.29-20.06.25:009][  0]LogTemp: Display: Module 'IOSTargetPlatform' loaded TargetPlatform 'IOSClient'
[2019.09.29-20.06.25:009][  0]LogTemp: Display: Module 'IOSTargetPlatform' loaded TargetPlatform 'IOS'
[2019.09.29-20.06.25:036][  0]LogTemp: Display: Module 'TVOSTargetPlatform' loaded TargetPlatform 'TVOSClient'
[2019.09.29-20.06.25:036][  0]LogTemp: Display: Module 'TVOSTargetPlatform' loaded TargetPlatform 'TVOS'
[2019.09.29-20.06.25:058][  0]LogTemp: Display: Module 'LinuxClientTargetPlatform' loaded TargetPlatform 'LinuxClient'
[2019.09.29-20.06.25:076][  0]LogTemp: Display: Module 'LinuxNoEditorTargetPlatform' loaded TargetPlatform 'LinuxNoEditor'
[2019.09.29-20.06.25:093][  0]LogTemp: Display: Module 'LinuxServerTargetPlatform' loaded TargetPlatform 'LinuxServer'
[2019.09.29-20.06.25:126][  0]LogTemp: Display: Module 'LinuxTargetPlatform' loaded TargetPlatform 'Linux'
[2019.09.29-20.06.25:187][  0]LogTemp: Display: Module 'LuminTargetPlatform' loaded TargetPlatform 'Lumin'
[2019.09.29-20.06.25:187][  0]LogTemp: Display: Module 'LuminTargetPlatform' loaded TargetPlatform 'LuminClient'
[2019.09.29-20.06.25:187][  0]LogTargetPlatformManager: Display: Building Assets For Windows
[2019.09.29-20.06.25:328][  0]LogAudioDebug: Display: Lib vorbis DLL was dynamically loaded.
[2019.09.29-20.06.25:859][  0]LogShaderCompilers: Guid format shader working directory is 17 characters bigger than the processId version (C:/Users/apape/Desktop/X-C4V/Intermediate/Shaders/WorkingDirectory/13060/).
[2019.09.29-20.06.25:859][  0]LogShaderCompilers: Cleaned the shader compiler working directory 'C:/Users/apape/AppData/Local/Temp/UnrealShaderWorkingDir/C34BF1734B3D6C6AC4E885A41405B0B3/'.
[2019.09.29-20.06.25:871][  0]LogXGEController: Cleaning working directory: C:/Users/apape/AppData/Local/Temp/UnrealXGEWorkingDir/
[2019.09.29-20.06.25:871][  0]LogXGEController: Cannot use XGE Controller as Incredibuild is not installed on this machine.
[2019.09.29-20.06.25:871][  0]LogShaderCompilers: Cannot use XGE Shader Compiler as Incredibuild is not installed on this machine.
[2019.09.29-20.06.25:871][  0]LogShaderCompilers: Display: Using Local Shader Compiler.
[2019.09.29-20.06.28:238][  0]LogDerivedDataCache: Display: Max Cache Size: 512 MB
[2019.09.29-20.06.28:403][  0]LogDerivedDataCache: Loaded boot cache 0.16s 56MB C:/Users/apape/AppData/Local/UnrealEngine/4.22/DerivedDataCache/Boot.ddc.
[2019.09.29-20.06.28:403][  0]LogDerivedDataCache: Display: Loaded Boot cache: C:/Users/apape/AppData/Local/UnrealEngine/4.22/DerivedDataCache/Boot.ddc
[2019.09.29-20.06.28:403][  0]LogDerivedDataCache: FDerivedDataBackendGraph:  Pak pak cache file C:/Users/apape/Desktop/X-C4V/DerivedDataCache/DDC.ddp not found, will not use a pak cache.
[2019.09.29-20.06.28:403][  0]LogDerivedDataCache: Unable to find inner node Pak for hierarchical cache Hierarchy.
[2019.09.29-20.06.28:403][  0]LogDerivedDataCache: FDerivedDataBackendGraph:  CompressedPak pak cache file C:/Users/apape/Desktop/X-C4V/DerivedDataCache/Compressed.ddp not found, will not use a pak cache.
[2019.09.29-20.06.28:403][  0]LogDerivedDataCache: Unable to find inner node CompressedPak for hierarchical cache Hierarchy.
[2019.09.29-20.06.28:462][  0]LogDerivedDataCache: Display: Pak cache opened for reading ../../../Engine/DerivedDataCache/Compressed.ddp.
[2019.09.29-20.06.28:463][  0]LogDerivedDataCache: FDerivedDataBackendGraph:  EnterprisePak pak cache file ../../../Enterprise/DerivedDataCache/Compressed.ddp not found, will not use a pak cache.
[2019.09.29-20.06.28:463][  0]LogDerivedDataCache: Unable to find inner node EnterprisePak for hierarchical cache Hierarchy.
[2019.09.29-20.06.28:474][  0]LogDerivedDataCache: Using Local data cache path C:/Users/apape/AppData/Local/UnrealEngine/Common/DerivedDataCache: Writable
[2019.09.29-20.06.28:474][  0]LogDerivedDataCache: Shared data cache path not found in *engine.ini, will not use an Shared cache.
[2019.09.29-20.06.28:474][  0]LogDerivedDataCache: Unable to find inner node Shared for hierarchical cache Hierarchy.
[2019.09.29-20.06.28:516][  0]LogMaterial: Verifying Global Shaders for PCD3D_SM5
[2019.09.29-20.06.28:566][  0]LogSlate: Using FreeType 2.6.0
[2019.09.29-20.06.28:662][  0]LogSlate: SlateFontServices - WITH_FREETYPE: 1, WITH_HARFBUZZ: 1
[2019.09.29-20.06.30:326][  0]LogAssetRegistry: FAssetRegistry took 0.0327 seconds to start up
[2019.09.29-20.06.33:568][  0]LogInit: Selected Device Profile: [Windows]
[2019.09.29-20.06.35:160][  0]LogMeshReduction: Using QuadricMeshReduction for automatic static mesh reduction
[2019.09.29-20.06.35:160][  0]LogMeshReduction: Using SimplygonMeshReduction for automatic skeletal mesh reduction
[2019.09.29-20.06.35:160][  0]LogMeshReduction: Using ProxyLODMeshReduction for automatic mesh merging
[2019.09.29-20.06.35:160][  0]LogMeshReduction: No distributed automatic mesh merging module available
[2019.09.29-20.06.35:160][  0]LogMeshMerging: No distributed automatic mesh merging module available
[2019.09.29-20.06.35:471][  0]LogNetVersion: X-C4V 1.0.0, NetCL: 5660361, EngineNetVer: 10, GameNetVer: 0 (Checksum: 640451430)
[2019.09.29-20.06.39:041][  0]LogUObjectGlobals: Warning: Failed to find object 'TextureCube /Engine/MapTemplates/Sky/DaylightAmbientCubemap.DaylightAmbientCubemap'
[2019.09.29-20.06.39:065][  0]Error: CDO Constructor (ThumbnailManager): Failed to find /Engine/MapTemplates/Sky/DaylightAmbientCubemap

[2019.09.29-20.06.39:475][  0]LogUObjectBase: Warning: -------------- Default Property warnings and errors:
[2019.09.29-20.06.39:475][  0]LogUObjectBase: Warning: Error: CDO Constructor (ThumbnailManager): Failed to find /Engine/MapTemplates/Sky/DaylightAmbientCubemap

[2019.09.29-20.06.48:096][  0]LogWindowsTextInputMethodSystem: Display: IME system now deactivated.
[2019.09.29-20.06.48:183][  0]LogPackageLocalizationCache: Processed 10 localized package path(s) for 1 prioritized culture(s) in 0.057526 seconds
[2019.09.29-20.06.48:189][  0]LogUObjectArray: 42204 objects as part of root set at end of initial load.
[2019.09.29-20.06.48:189][  0]LogUObjectAllocator: 7324504 out of 0 bytes used by permanent object pool.
[2019.09.29-20.06.48:189][  0]LogUObjectArray: CloseDisregardForGC: 0/0 objects in disregard for GC pool
[2019.09.29-20.07.12:393][  0]LogTcpMessaging: Initializing TcpMessaging bridge
[2019.09.29-20.07.12:471][  0]LogUdpMessaging: Initializing bridge on interface 0.0.0.0:0 to multicast group 230.0.0.1:6666.
[2019.09.29-20.07.14:494][  0]SourceControl: Source control is disabled
[2019.09.29-20.07.14:510][  0]SourceControl: Source control is disabled
[2019.09.29-20.07.14:615][  0]SourceControl: Source control is disabled
[2019.09.29-20.07.14:652][  0]SourceControl: Source control is disabled
[2019.09.29-20.07.14:719][  0]LogVSAccessor: Display: Unable to create Visual Studio setup instance: 80040154
[2019.09.29-20.07.14:720][  0]LogVSAccessor: Display: Unable to create Visual Studio setup instance: 80040154
[2019.09.29-20.07.17:104][  0]LogAndroidPermission: UAndroidPermissionCallbackProxy::GetInstance
[2019.09.29-20.07.18:390][  0]LogOcInput: OculusInput pre-init called
[2019.09.29-20.07.21:783][  0]LogEngine: Initializing Engine...
[2019.09.29-20.07.21:927][  0]LogHMD: Failed to initialize OpenVR with code 126
[2019.09.29-20.07.21:955][  0]LogStats: UGameplayTagsManager::InitializeManager -  0.001 s
[2019.09.29-20.07.22:830][  0]LogInit: Initializing FReadOnlyCVARCache
[2019.09.29-20.07.23:761][  0]LogAIModule: Creating AISystem for world Untitled
[2019.09.29-20.07.24:941][  0]LogInit: XAudio2 using 'Speakers (High Definition Audio Device)' : 2 channels at 48 kHz using 16 bits per sample (channel mask 0x3)
[2019.09.29-20.07.24:962][  0]LogInit: FAudioDevice initialized.
[2019.09.29-20.07.24:962][  0]LogNetVersion: Set ProjectVersion to 1.0.0.0. Version Checksum will be recalculated on next use.
[2019.09.29-20.07.24:973][  0]LogDerivedDataCache: Error: Could not save memory cache C:/Users/apape/AppData/Local/UnrealEngine/4.22/DerivedDataCache/Boot.ddc.
[2019.09.29-20.07.24:985][  0]LogInit: Texture streaming: Enabled
[2019.09.29-20.07.25:240][  0]LogEngineSessionManager: EngineSessionManager initialized
[2019.09.29-20.07.25:373][  0]LogInit: Transaction tracking system initialized
[2019.09.29-20.07.25:609][  0]BlueprintLog: New page: Editor Load
[2019.09.29-20.07.27:890][  0]LocalizationService: Localization service is disabled
[2019.09.29-20.07.28:675][  0]LogVSAccessor: Display: Unable to create Visual Studio setup instance: 80040154
[2019.09.29-20.07.28:676][  0]LogVSAccessor: Display: Unable to create Visual Studio setup instance: 80040154
[2019.09.29-20.07.29:459][  0]LogFileCache: Scanning file cache for directory 'C:/Users/apape/Desktop/X-C4V/Content/' took 0.02s
[2019.09.29-20.07.29:459][  0]LogCook: Display: Max memory allowance for cook 16384mb min free memory 0mb
[2019.09.29-20.07.29:459][  0]LogCook: Display: Mobile HDR setting 1
[2019.09.29-20.07.31:239][  0]SourceControl: Source control is disabled
[2019.09.29-20.07.31:270][  0]Cmd: MAP LOAD FILE="C:/Users/apape/Desktop/X-C4V/Content/Maps/X-C4V_PlayerZoo.umap" TEMPLATE=0 SHOWPROGRESS=1 FEATURELEVEL=3
[2019.09.29-20.07.31:271][  0]LightingResults: New page: Lighting Build
[2019.09.29-20.07.31:405][  0]MapCheck: New page: Map Check
[2019.09.29-20.07.31:405][  0]LightingResults: New page: Lighting Build
[2019.09.29-20.07.31:663][  0]LogUObjectHash: Compacting FUObjectHashTables data took   5.40ms
[2019.09.29-20.07.34:265][  0]LogMaterial: Display: Missing cached shader map for material M_LightStage_Skybox_Master, compiling. 
[2019.09.29-20.07.34:275][  0]LogMaterial: Warning: C:\Users\apape\Desktop\X-C4V\Content\Blueprints\BlueprintAssets\M_LightStage_Skybox_HDRI.uasset: Failed to compile Material Instance with Base M_LightStage_Skybox_Master for platform PCD3D_SM5, Default Material will be used in game.
[2019.09.29-20.07.34:275][  0]LogMaterial: 	(Node TextureSampleParameterCube) ParamCube> Requires TextureCube
[2019.09.29-20.07.35:707][  0]LogAIModule: Creating AISystem for world X-C4V_PlayerZoo
[2019.09.29-20.07.35:827][  0]LogScript: Warning: Accessed None trying to read property SkyboxMaterial
	BP_LightStudio_C /Game/Maps/X-C4V_PlayerZoo.X-C4V_PlayerZoo:PersistentLevel.BP_LightStudio_2
	Function /Game/Blueprints/BP_LightStudio.BP_LightStudio_C:UserConstructionScript:00B2
[2019.09.29-20.07.35:827][  0]LogScript: Warning: Accessed None trying to read property SkyboxMaterial
	BP_LightStudio_C /Game/Maps/X-C4V_PlayerZoo.X-C4V_PlayerZoo:PersistentLevel.BP_LightStudio_2
	Function /Game/Blueprints/BP_LightStudio.BP_LightStudio_C:UserConstructionScript:00EA
[2019.09.29-20.07.35:827][  0]LogScript: Warning: Accessed None trying to read property SkyboxMaterial
	BP_LightStudio_C /Game/Maps/X-C4V_PlayerZoo.X-C4V_PlayerZoo:PersistentLevel.BP_LightStudio_2
	Function /Game/Blueprints/BP_LightStudio.BP_LightStudio_C:UserConstructionScript:0122
[2019.09.29-20.07.35:827][  0]LogScript: Warning: Accessed None trying to read property SkyboxMaterial
	BP_LightStudio_C /Game/Maps/X-C4V_PlayerZoo.X-C4V_PlayerZoo:PersistentLevel.BP_LightStudio_2
	Function /Game/Blueprints/BP_LightStudio.BP_LightStudio_C:UserConstructionScript:0212
[2019.09.29-20.07.35:827][  0]LogScript: Warning: Accessed None trying to read property SkyboxMaterial
	BP_LightStudio_C /Game/Maps/X-C4V_PlayerZoo.X-C4V_PlayerZoo:PersistentLevel.BP_LightStudio_2
	Function /Game/Blueprints/BP_LightStudio.BP_LightStudio_C:UserConstructionScript:024A
[2019.09.29-20.07.35:838][  0]LogEditorServer: Finished looking for orphan Actors (0.000 secs)
[2019.09.29-20.07.35:891][  0]LogUObjectHash: Compacting FUObjectHashTables data took   2.88ms
[2019.09.29-20.07.35:891][  0]Cmd: MAP CHECKDEP NOCLEARLOG
[2019.09.29-20.07.35:892][  0]MapCheck: Map check complete: 0 Error(s), 0 Warning(s), took 0.123ms to complete.
[2019.09.29-20.07.35:892][  0]LogFileHelpers: Loading map 'X-C4V_PlayerZoo' took 4.635
[2019.09.29-20.07.35:948][  0]LogWindowsTextInputMethodSystem: Display: IME system now deactivated.
[2019.09.29-20.07.36:290][  0]LogSlate: Updating window title bar state: overlay mode, drag disabled, window buttons hidden, title bar hidden
[2019.09.29-20.07.36:295][  0]LogSlate: Updating window title bar state: overlay mode, drag disabled, window buttons hidden, title bar hidden
[2019.09.29-20.07.36:300][  0]LogSlate: Updating window title bar state: overlay mode, drag disabled, window buttons hidden, title bar hidden
[2019.09.29-20.07.36:306][  0]LogSlate: Updating window title bar state: overlay mode, drag disabled, window buttons hidden, title bar hidden
[2019.09.29-20.07.36:322][  0]LogCollectionManager: Loaded 0 collections in 0.000623 seconds
[2019.09.29-20.07.36:387][  0]LogFileCache: Scanning file cache for directory 'C:/Users/apape/Desktop/X-C4V/Saved/Collections/' took 0.01s
[2019.09.29-20.07.36:387][  0]LogFileCache: Scanning file cache for directory 'C:/Users/apape/Desktop/X-C4V/Content/Developers/void/Collections/' took 0.00s
[2019.09.29-20.07.36:387][  0]LogFileCache: Scanning file cache for directory 'C:/Users/apape/Desktop/X-C4V/Content/Collections/' took 0.00s
[2019.09.29-20.07.36:387][  0]LogCollectionManager: Rebuilt the GUID cache for 0 collections in 0.000000 seconds
[2019.09.29-20.07.36:394][  0]LogContentBrowser: Native class hierarchy populated in 0.0065 seconds. Added 2732 classes and 659 folders.
[2019.09.29-20.07.36:448][  0]LogContentBrowser: Native class hierarchy updated for 'WidgetCarousel' in 0.0007 seconds. Added 0 classes and 0 folders.
[2019.09.29-20.07.36:509][  0]LogPakFile: Registered encryption key '00000000000000000000000000000000': 0 pak files mounted, 0 remain pending
[2019.09.29-20.07.36:549][  0]LogPakFile: Registered encryption key '00000000000000000000000000000000': 0 pak files mounted, 0 remain pending
[2019.09.29-20.07.36:602][  0]LogPakFile: Registered encryption key '00000000000000000000000000000000': 0 pak files mounted, 0 remain pending
[2019.09.29-20.07.36:618][  0]LogPakFile: Registered encryption key '00000000000000000000000000000000': 0 pak files mounted, 0 remain pending
[2019.09.29-20.07.36:641][  0]LogPakFile: Registered encryption key '00000000000000000000000000000000': 0 pak files mounted, 0 remain pending
[2019.09.29-20.07.36:650][  0]LogPakFile: Registered encryption key '00000000000000000000000000000000': 0 pak files mounted, 0 remain pending
[2019.09.29-20.07.36:659][  0]LogPakFile: Registered encryption key '00000000000000000000000000000000': 0 pak files mounted, 0 remain pending
[2019.09.29-20.07.36:668][  0]LogPakFile: Registered encryption key '00000000000000000000000000000000': 0 pak files mounted, 0 remain pending
[2019.09.29-20.07.36:679][  0]LogPakFile: Registered encryption key '00000000000000000000000000000000': 0 pak files mounted, 0 remain pending
[2019.09.29-20.07.36:694][  0]LogPakFile: Registered encryption key '00000000000000000000000000000000': 0 pak files mounted, 0 remain pending
[2019.09.29-20.07.36:704][  0]LogPakFile: Registered encryption key '00000000000000000000000000000000': 0 pak files mounted, 0 remain pending
[2019.09.29-20.07.36:713][  0]LogPakFile: Registered encryption key '00000000000000000000000000000000': 0 pak files mounted, 0 remain pending
[2019.09.29-20.07.36:733][  0]LogPakFile: Registered encryption key '00000000000000000000000000000000': 0 pak files mounted, 0 remain pending
[2019.09.29-20.07.36:742][  0]LogPakFile: Registered encryption key '00000000000000000000000000000000': 0 pak files mounted, 0 remain pending
[2019.09.29-20.07.36:751][  0]LogPakFile: Registered encryption key '00000000000000000000000000000000': 0 pak files mounted, 0 remain pending
[2019.09.29-20.07.36:760][  0]LogPakFile: Registered encryption key '00000000000000000000000000000000': 0 pak files mounted, 0 remain pending
[2019.09.29-20.07.36:809][  0]LogPakFile: Registered encryption key '00000000000000000000000000000000': 0 pak files mounted, 0 remain pending
[2019.09.29-20.07.36:814][  0]LogPakFile: Registered encryption key '00000000000000000000000000000000': 0 pak files mounted, 0 remain pending
[2019.09.29-20.07.36:820][  0]LogPakFile: Registered encryption key '00000000000000000000000000000000': 0 pak files mounted, 0 remain pending
[2019.09.29-20.07.36:825][  0]LogPakFile: Registered encryption key '00000000000000000000000000000000': 0 pak files mounted, 0 remain pending
[2019.09.29-20.07.36:831][  0]LogPakFile: Registered encryption key '00000000000000000000000000000000': 0 pak files mounted, 0 remain pending
[2019.09.29-20.07.36:838][  0]LogPakFile: Registered encryption key '00000000000000000000000000000000': 0 pak files mounted, 0 remain pending
[2019.09.29-20.07.36:843][  0]LogPakFile: Registered encryption key '00000000000000000000000000000000': 0 pak files mounted, 0 remain pending
[2019.09.29-20.07.36:849][  0]LogPakFile: Registered encryption key '00000000000000000000000000000000': 0 pak files mounted, 0 remain pending
[2019.09.29-20.07.36:854][  0]LogPakFile: Registered encryption key '00000000000000000000000000000000': 0 pak files mounted, 0 remain pending
[2019.09.29-20.07.36:860][  0]LogPakFile: Registered encryption key '00000000000000000000000000000000': 0 pak files mounted, 0 remain pending
[2019.09.29-20.07.37:328][  0]LogContentBrowser: Native class hierarchy updated for 'AddContentDialog' in 0.0002 seconds. Added 0 classes and 0 folders.
[2019.09.29-20.07.37:364][  0]LogContentBrowser: Native class hierarchy updated for 'SceneOutliner' in 0.0002 seconds. Added 1 classes and 2 folders.
[2019.09.29-20.07.37:794][  0]LogSlate: Took 0.000333 seconds to synchronously load lazily loaded font '../../../Engine/Content/Slate/Fonts/Roboto-Regular.ttf' (155K)
[2019.09.29-20.07.37:801][  0]LogSlate: Took 0.000213 seconds to synchronously load lazily loaded font '../../../Engine/Content/Slate/Fonts/Roboto-Bold.ttf' (160K)
[2019.09.29-20.07.37:838][  0]LogSlate: Took 0.018897 seconds to synchronously load lazily loaded font '../../../Engine/Content/Editor/Slate/Fonts/FontAwesome.ttf' (139K)
[2019.09.29-20.07.38:050][  0]LogRenderer: Reallocating scene render targets to support 1256x584 Format 10 NumSamples 1 (Frame:1).
[2019.09.29-20.07.38:283][  0]LogContentBrowser: Native class hierarchy updated for 'HierarchicalLODOutliner' in 0.0002 seconds. Added 0 classes and 0 folders.
[2019.09.29-20.07.38:283][  0]LogLoad: (Engine Initialization) Total time: 92.13 seconds
[2019.09.29-20.07.38:283][  0]LogLoad: (Engine Initialization) Total Blueprint compile time: 0.00 seconds
[2019.09.29-20.07.38:312][  0]LogEditorViewport: Clicking Background
[2019.09.29-20.07.38:394][  0]LogAssetRegistry: Asset discovery search completed in 68.0908 seconds
[2019.09.29-20.07.38:403][  0]LogCollectionManager: Rebuilt the object cache for 0 collections in 0.000001 seconds (found 0 objects)
[2019.09.29-20.07.38:403][  0]LogCollectionManager: Fixed up redirectors for 0 collections in 0.000067 seconds (updated 0 objects)
[2019.09.29-20.07.38:403][  0]LogContentStreaming: Texture pool size now 1000 MB
[2019.09.29-20.07.38:451][  0]LogSlate: Took 0.024718 seconds to synchronously load lazily loaded font '../../../Engine/Content/Slate/Fonts/Roboto-Light.ttf' (167K)
[2019.09.29-20.07.38:463][  1]LogFileCache: Retrieving MD5 hashes for directory 'C:/Users/apape/Desktop/X-C4V/Content/' took 0.11s
[2019.09.29-20.07.39:825][149]LogSlate: FSceneViewport::OnFocusLost() reason 0
[2019.09.29-20.10.00:565][289]LogTemp: Repeating last play command: Selected Viewport
[2019.09.29-20.10.00:571][289]LogBlueprintUserMessages: Early PlayInEditor Detection: Level '/Game/Maps/X-C4V_PlayerZoo.X-C4V_PlayerZoo:PersistentLevel' has LevelScriptBlueprint '/Game/Maps/X-C4V_PlayerZoo.X-C4V_PlayerZoo:PersistentLevel.X-C4V_PlayerZoo' with GeneratedClass '/Game/Maps/X-C4V_PlayerZoo.X-C4V_PlayerZoo_C' with ClassGeneratedBy '/Game/Maps/X-C4V_PlayerZoo.X-C4V_PlayerZoo:PersistentLevel.X-C4V_PlayerZoo'
[2019.09.29-20.10.00:573][289]LogPlayLevel: PlayLevel: No blueprints needed recompiling
[2019.09.29-20.10.00:589][289]PIE: New page: PIE session: X-C4V_PlayerZoo (Sep 29, 2019, 12:10:00 PM)
[2019.09.29-20.10.00:614][289]LogPlayLevel: Creating play world package: /Game/Maps/UEDPIE_0_X-C4V_PlayerZoo
[2019.09.29-20.10.00:620][289]LogPlayLevel: PIE: StaticDuplicateObject took: (0.006282s)
[2019.09.29-20.10.00:620][289]LogAIModule: Creating AISystem for world X-C4V_PlayerZoo
[2019.09.29-20.10.00:620][289]LogPlayLevel: PIE: World Init took: (0.000524s)
[2019.09.29-20.10.00:620][289]LogPlayLevel: PIE: Created PIE world by copying editor world from /Game/Maps/X-C4V_PlayerZoo.X-C4V_PlayerZoo to /Game/Maps/UEDPIE_0_X-C4V_PlayerZoo.X-C4V_PlayerZoo (0.007046s)
[2019.09.29-20.10.00:639][289]LogUObjectHash: Compacting FUObjectHashTables data took   1.10ms
[2019.09.29-20.10.00:680][289]LogInit: XAudio2 using 'Speakers (High Definition Audio Device)' : 2 channels at 48 kHz using 16 bits per sample (channel mask 0x3)
[2019.09.29-20.10.00:690][289]LogInit: FAudioDevice initialized.
[2019.09.29-20.10.00:738][289]LogLoad: Game class is 'GameModeBase'
[2019.09.29-20.10.00:753][289]LogWorld: Bringing World /Game/Maps/UEDPIE_0_X-C4V_PlayerZoo.X-C4V_PlayerZoo up for play (max tick rate 0) at 2019.09.29-16.10.00
[2019.09.29-20.10.00:754][289]LogWorld: Bringing up level for play took: 0.004196
[2019.09.29-20.10.00:818][289]LogContentBrowser: Native class hierarchy updated for 'MovieSceneCapture' in 0.0006 seconds. Added 20 classes and 0 folders.
[2019.09.29-20.10.00:823][289]PIE: Play in editor start time for /Game/Maps/UEDPIE_0_X-C4V_PlayerZoo 0.213
[2019.09.29-20.10.00:824][289]LogBlueprintUserMessages: Late PlayInEditor Detection: Level '/Game/Maps/X-C4V_PlayerZoo.X-C4V_PlayerZoo:PersistentLevel' has LevelScriptBlueprint '/Game/Maps/X-C4V_PlayerZoo.X-C4V_PlayerZoo:PersistentLevel.X-C4V_PlayerZoo' with GeneratedClass '/Game/Maps/X-C4V_PlayerZoo.X-C4V_PlayerZoo_C' with ClassGeneratedBy '/Game/Maps/X-C4V_PlayerZoo.X-C4V_PlayerZoo:PersistentLevel.X-C4V_PlayerZoo'
[2019.09.29-20.10.02:398][468]LogAnimation: Warning: SLOTNODE: 'Transition' in animation instance class Mannequin_AnimBP_C already exists. Remove duplicates from the animation graph for this class.
[2019.09.29-20.10.02:398][468]LogAnimation: Warning: SLOTNODE: 'TurnInPlace' in animation instance class Mannequin_AnimBP_C already exists. Remove duplicates from the animation graph for this class.
[2019.09.29-20.10.02:398][468]LogAnimation: Warning: SLOTNODE: 'AdditiveLand' in animation instance class Mannequin_AnimBP_C already exists. Remove duplicates from the animation graph for this class.
[2019.09.29-20.10.20:084][585]LogBlueprintUserMessages: Early EndPlayMap Detection: Level '/Game/Maps/X-C4V_PlayerZoo.X-C4V_PlayerZoo:PersistentLevel' has LevelScriptBlueprint '/Game/Maps/X-C4V_PlayerZoo.X-C4V_PlayerZoo:PersistentLevel.X-C4V_PlayerZoo' with GeneratedClass '/Game/Maps/X-C4V_PlayerZoo.X-C4V_PlayerZoo_C' with ClassGeneratedBy '/Game/Maps/X-C4V_PlayerZoo.X-C4V_PlayerZoo:PersistentLevel.X-C4V_PlayerZoo'
[2019.09.29-20.10.20:103][585]LogSlate: Updating window title bar state: overlay mode, drag disabled, window buttons hidden, title bar hidden
[2019.09.29-20.10.20:129][585]LogPlayLevel: Display: Shutting down PIE online subsystems
[2019.09.29-20.10.20:130][585]LogBlueprintUserMessages: Late EndPlayMap Detection: Level '/Game/Maps/X-C4V_PlayerZoo.X-C4V_PlayerZoo:PersistentLevel' has LevelScriptBlueprint '/Game/Maps/X-C4V_PlayerZoo.X-C4V_PlayerZoo:PersistentLevel.X-C4V_PlayerZoo' with GeneratedClass '/Game/Maps/X-C4V_PlayerZoo.X-C4V_PlayerZoo_C' with ClassGeneratedBy '/Game/Maps/X-C4V_PlayerZoo.X-C4V_PlayerZoo:PersistentLevel.X-C4V_PlayerZoo'
[2019.09.29-20.10.20:151][585]LogSlate: Updating window title bar state: overlay mode, drag disabled, window buttons hidden, title bar hidden
[2019.09.29-20.10.20:154][585]LogUObjectHash: Compacting FUObjectHashTables data took   1.34ms
[2019.09.29-20.10.20:189][587]LogPlayLevel: Display: Destroying online subsystem :Context_1
[2019.09.29-20.10.22:090][815]LogSlate: FSceneViewport::OnFocusLost() reason 0
[2019.09.29-20.12.17:174][182]LogSlate: FSceneViewport::OnFocusLost() reason 2
[2019.09.29-20.12.18:387][324]LogSlate: FSceneViewport::OnFocusLost() reason 2
[2019.09.29-20.12.27:941][427]LogSlate: Window 'Source Control Login' being destroyed
[2019.09.29-20.12.30:033][677]LogSlate: FSceneViewport::OnFocusLost() reason 2
[2019.09.29-20.12.31:427][842]LogUObjectHash: Compacting FUObjectHashTables data took   0.64ms
[2019.09.29-20.12.32:482][968]LogSlate: FSceneViewport::OnFocusLost() reason 2
[2019.09.29-20.12.33:442][ 82]Cmd: CLOSE_SLATE_MAINFRAME
[2019.09.29-20.12.33:460][ 82]LogUObjectHash: Compacting FUObjectHashTables data took   0.55ms
[2019.09.29-20.12.33:491][ 82]LogSlate: Window 'X-C4V - Unreal Editor' being destroyed
[2019.09.29-20.12.33:492][ 82]LogWindowsTextInputMethodSystem: Display: IME system now deactivated.
[2019.09.29-20.12.33:777][ 83]Cmd: QUIT_EDITOR
[2019.09.29-20.12.34:468][ 83]LogExit: Preparing to exit.
[2019.09.29-20.12.34:716][ 83]LogExit: Editor shut down
[2019.09.29-20.12.34:716][ 83]LogExit: Transaction tracking system shut down
[2019.09.29-20.12.34:959][ 83]LogExit: Object subsystem successfully closed.
[2019.09.29-20.12.34:980][ 83]LogShaderCompilers: Display: Shaders left to compile 0
[2019.09.29-20.12.34:983][ 83]LogD3D11RHI: Shutdown
[2019.09.29-20.12.34:983][ 83]LogD3D11RHI: CleanupD3DDevice
[2019.09.29-20.12.34:983][ 83]LogRendererCore: FGlobalReadBuffer::ReleaseRHI
[2019.09.29-20.12.34:983][ 83]LogRendererCore: FGlobalDynamicReadBuffer::Cleanup()
[2019.09.29-20.12.34:983][ 83]LogRendererCore: FGlobalReadBuffer::ReleaseRHI
[2019.09.29-20.12.34:983][ 83]LogRendererCore: FGlobalDynamicReadBuffer::Cleanup()
[2019.09.29-20.12.34:983][ 83]LogRendererCore: FGlobalReadBuffer::ReleaseRHI
[2019.09.29-20.12.34:983][ 83]LogRendererCore: FGlobalDynamicReadBuffer::Cleanup()
[2019.09.29-20.12.35:023][ 83]LogD3D11RHI: ~FD3D11DynamicRHI
[2019.09.29-20.12.35:034][ 83]LogModuleManager: Shutting down and abandoning module MovieSceneCapture (646)
[2019.09.29-20.12.35:034][ 83]LogModuleManager: Shutting down and abandoning module Voice (644)
[2019.09.29-20.12.35:034][ 83]LogModuleManager: Shutting down and abandoning module HierarchicalLODOutliner (642)
[2019.09.29-20.12.35:034][ 83]LogModuleManager: Shutting down and abandoning module SceneOutliner (640)
[2019.09.29-20.12.35:034][ 83]LogModuleManager: Shutting down and abandoning module AddContentDialog (638)
[2019.09.29-20.12.35:035][ 83]LogModuleManager: Shutting down and abandoning module WidgetCarousel (637)
[2019.09.29-20.12.35:035][ 83]LogModuleManager: Shutting down and abandoning module EditorWidgets (634)
[2019.09.29-20.12.35:035][ 83]LogModuleManager: Shutting down and abandoning module CollectionManager (632)
[2019.09.29-20.12.35:035][ 83]LogModuleManager: Shutting down and abandoning module StatsViewer (630)
[2019.09.29-20.12.35:035][ 83]LogModuleManager: Shutting down and abandoning module FoliageEdit (628)
[2019.09.29-20.12.35:035][ 83]LogModuleManager: Shutting down and abandoning module LandscapeEditor (626)
[2019.09.29-20.12.35:035][ 83]LogModuleManager: Shutting down and abandoning module MeshPaintMode (624)
[2019.09.29-20.12.35:035][ 83]LogModuleManager: Shutting down and abandoning module SceneDepthPickerMode (622)
[2019.09.29-20.12.35:035][ 83]LogModuleManager: Shutting down and abandoning module ActorPickerMode (620)
[2019.09.29-20.12.35:035][ 83]LogModuleManager: Shutting down and abandoning module GeometryMode (618)
[2019.09.29-20.12.35:035][ 83]LogModuleManager: Shutting down and abandoning module TextureAlignMode (616)
[2019.09.29-20.12.35:035][ 83]LogModuleManager: Shutting down and abandoning module BspMode (614)
[2019.09.29-20.12.35:035][ 83]LogModuleManager: Shutting down and abandoning module PIEPreviewDeviceProfileSelector (612)
[2019.09.29-20.12.35:035][ 83]LogModuleManager: Shutting down and abandoning module SequenceRecorderSections (610)
[2019.09.29-20.12.35:035][ 83]LogModuleManager: Shutting down and abandoning module AutomationWorker (608)
[2019.09.29-20.12.35:035][ 83]LogModuleManager: Shutting down and abandoning module OculusMR (606)
[2019.09.29-20.12.35:035][ 83]LogModuleManager: Shutting down and abandoning module AudioCaptureEditor (604)
[2019.09.29-20.12.35:035][ 83]LogModuleManager: Shutting down and abandoning module MatineeToLevelSequence (602)
[2019.09.29-20.12.35:035][ 83]LogModuleManager: Shutting down and abandoning module LevelSequenceEditor (600)
[2019.09.29-20.12.35:035][ 83]LogModuleManager: Shutting down and abandoning module PlacementMode (599)
[2019.09.29-20.12.35:035][ 83]LogModuleManager: Shutting down and abandoning module MaterialEditor (598)
[2019.09.29-20.12.35:035][ 83]LogModuleManager: Shutting down and abandoning module ActorSequenceEditor (594)
[2019.09.29-20.12.35:035][ 83]LogModuleManager: Shutting down and abandoning module WmfMediaFactory (592)
[2019.09.29-20.12.35:035][ 83]LogModuleManager: Shutting down and abandoning module WmfMediaEditor (590)
[2019.09.29-20.12.35:035][ 83]LogModuleManager: Shutting down and abandoning module WebMMediaFactory (588)
[2019.09.29-20.12.35:035][ 83]LogModuleManager: Shutting down and abandoning module WebMMediaEditor (586)
[2019.09.29-20.12.35:035][ 83]LogModuleManager: Shutting down and abandoning module WebMMedia (584)
[2019.09.29-20.12.35:035][ 83]LogModuleManager: Shutting down and abandoning module MediaPlayerEditor (582)
[2019.09.29-20.12.35:035][ 83]LogModuleManager: Shutting down and abandoning module MediaCompositingEditor (580)
[2019.09.29-20.12.35:035][ 83]LogModuleManager: Shutting down and abandoning module SequenceRecorder (579)
[2019.09.29-20.12.35:035][ 83]LogModuleManager: Shutting down and abandoning module OpenExrWrapper (576)
[2019.09.29-20.12.35:035][ 83]LogModuleManager: Shutting down and abandoning module ImgMediaFactory (574)
[2019.09.29-20.12.35:035][ 83]LogModuleManager: Shutting down and abandoning module ImgMediaEditor (572)
[2019.09.29-20.12.35:035][ 83]LogModuleManager: Shutting down and abandoning module AvfMediaFactory (570)
[2019.09.29-20.12.35:035][ 83]LogModuleManager: Shutting down and abandoning module AvfMediaEditor (568)
[2019.09.29-20.12.35:035][ 83]LogModuleManager: Shutting down and abandoning module AndroidMediaFactory (566)
[2019.09.29-20.12.35:035][ 83]LogModuleManager: Shutting down and abandoning module AndroidMediaEditor (564)
[2019.09.29-20.12.35:035][ 83]LogModuleManager: Shutting down and abandoning module MagicLeapCameraPreviewFactory (562)
[2019.09.29-20.12.35:035][ 83]LogModuleManager: Shutting down and abandoning module MagicLeapMediaCodecFactory (560)
[2019.09.29-20.12.35:035][ 83]LogModuleManager: Shutting down and abandoning module MagicLeapMediaFactory (558)
[2019.09.29-20.12.35:035][ 83]LogModuleManager: Shutting down and abandoning module MagicLeapMediaEditor (556)
[2019.09.29-20.12.35:035][ 83]LogModuleManager: Shutting down and abandoning module CharacterAI (554)
[2019.09.29-20.12.35:035][ 83]LogModuleManager: Shutting down and abandoning module SmartSnapping (552)
[2019.09.29-20.12.35:035][ 83]LogModuleManager: Shutting down and abandoning module SessionServices (550)
[2019.09.29-20.12.35:036][ 83]LogModuleManager: Shutting down and abandoning module MeshPaint (548)
[2019.09.29-20.12.35:036][ 83]LogModuleManager: Shutting down and abandoning module ViewportSnapping (546)
[2019.09.29-20.12.35:036][ 83]LogModuleManager: Shutting down and abandoning module ViewportInteraction (544)
[2019.09.29-20.12.35:036][ 83]LogModuleManager: Shutting down and abandoning module ClothPainter (542)
[2019.09.29-20.12.35:036][ 83]LogModuleManager: Shutting down and abandoning module SkeletalMeshEditor (541)
[2019.09.29-20.12.35:036][ 83]LogModuleManager: Shutting down and abandoning module LogVisualizer (538)
[2019.09.29-20.12.35:036][ 83]LogModuleManager: Shutting down and abandoning module IntroTutorials (536)
[2019.09.29-20.12.35:036][ 83]LogModuleManager: Shutting down and abandoning module GameProjectGeneration (535)
[2019.09.29-20.12.35:036][ 83]LogModuleManager: Shutting down and abandoning module LuminPlatformEditor (532)
[2019.09.29-20.12.35:036][ 83]LogModuleManager: Shutting down and abandoning module IOSPlatformEditor (530)
[2019.09.29-20.12.35:036][ 83]LogModuleManager: Shutting down and abandoning module HTML5PlatformEditor (528)
[2019.09.29-20.12.35:036][ 83]LogModuleManager: Shutting down and abandoning module AndroidPlatformEditor (526)
[2019.09.29-20.12.35:036][ 83]LogModuleManager: Shutting down and abandoning module AndroidDeviceDetection (525)
[2019.09.29-20.12.35:470][ 83]LogModuleManager: Shutting down and abandoning module WindowsPlatformEditor (522)
[2019.09.29-20.12.35:470][ 83]LogModuleManager: Shutting down and abandoning module LuminRuntimeSettings (520)
[2019.09.29-20.12.35:470][ 83]LogModuleManager: Shutting down and abandoning module IOSRuntimeSettings (518)
[2019.09.29-20.12.35:470][ 83]LogModuleManager: Shutting down and abandoning module AndroidRuntimeSettings (516)
[2019.09.29-20.12.35:470][ 83]LogModuleManager: Shutting down and abandoning module TimeManagementEditor (514)
[2019.09.29-20.12.35:470][ 83]LogModuleManager: Shutting down and abandoning module InputBindingEditor (512)
[2019.09.29-20.12.35:470][ 83]LogModuleManager: Shutting down and abandoning module MergeActors (510)
[2019.09.29-20.12.35:470][ 83]LogModuleManager: Shutting down and abandoning module LocalizationDashboard (508)
[2019.09.29-20.12.35:470][ 83]LogModuleManager: Shutting down and abandoning module LocalizationService (507)
[2019.09.29-20.12.35:470][ 83]LogModuleManager: Shutting down and abandoning module HardwareTargeting (504)
[2019.09.29-20.12.35:470][ 83]LogModuleManager: Shutting down and abandoning module DeviceProfileEditor (502)
[2019.09.29-20.12.35:470][ 83]LogModuleManager: Shutting down and abandoning module UndoHistory (500)
[2019.09.29-20.12.35:470][ 83]LogModuleManager: Shutting down and abandoning module XmlParser (498)
[2019.09.29-20.12.35:470][ 83]LogModuleManager: Shutting down and abandoning module Blutility (496)
[2019.09.29-20.12.35:470][ 83]LogModuleManager: Shutting down and abandoning module ProjectSettingsViewer (494)
[2019.09.29-20.12.35:470][ 83]LogModuleManager: Shutting down and abandoning module ProjectTargetPlatformEditor (493)
[2019.09.29-20.12.35:471][ 83]LogModuleManager: Shutting down and abandoning module EditorSettingsViewer (490)
[2019.09.29-20.12.35:471][ 83]LogModuleManager: Shutting down and abandoning module SettingsEditor (488)
[2019.09.29-20.12.35:471][ 83]LogModuleManager: Shutting down and abandoning module ProjectLauncher (486)
[2019.09.29-20.12.35:471][ 83]LogModuleManager: Shutting down and abandoning module SessionFrontend (484)
[2019.09.29-20.12.35:471][ 83]LogModuleManager: Shutting down and abandoning module ProfilerClient (482)
[2019.09.29-20.12.35:471][ 83]LogModuleManager: Shutting down and abandoning module DeviceManager (480)
[2019.09.29-20.12.35:471][ 83]LogModuleManager: Shutting down and abandoning module TargetDeviceServices (479)
[2019.09.29-20.12.35:526][ 83]LogModuleManager: Shutting down and abandoning module AutomationController (476)
[2019.09.29-20.12.35:526][ 83]LogModuleManager: Shutting down and abandoning module AutomationWindow (474)
[2019.09.29-20.12.35:526][ 83]LogModuleManager: Shutting down and abandoning module Layers (472)
[2019.09.29-20.12.35:526][ 83]LogModuleManager: Shutting down and abandoning module ComponentVisualizers (470)
[2019.09.29-20.12.35:526][ 83]LogModuleManager: Shutting down and abandoning module DetailCustomizations (468)
[2019.09.29-20.12.35:526][ 83]LogModuleManager: Shutting down and abandoning module PackagesDialog (466)
[2019.09.29-20.12.35:526][ 83]LogModuleManager: Shutting down and abandoning module AnimationBlueprintEditor (464)
[2019.09.29-20.12.35:526][ 83]LogModuleManager: Shutting down and abandoning module Persona (462)
[2019.09.29-20.12.35:526][ 83]LogModuleManager: Shutting down and abandoning module AdvancedPreviewScene (461)
[2019.09.29-20.12.35:526][ 83]LogModuleManager: Shutting down and abandoning module AnimGraph (459)
[2019.09.29-20.12.35:526][ 83]LogModuleManager: Shutting down and abandoning module Kismet (456)
[2019.09.29-20.12.35:533][ 83]LogModuleManager: Shutting down and abandoning module GraphEditor (454)
[2019.09.29-20.12.35:533][ 83]LogModuleManager: Shutting down and abandoning module ClassViewer (452)
[2019.09.29-20.12.35:533][ 83]LogModuleManager: Shutting down and abandoning module Toolbox (450)
[2019.09.29-20.12.35:533][ 83]LogModuleManager: Shutting down and abandoning module ModuleUI (448)
[2019.09.29-20.12.35:533][ 83]LogModuleManager: Shutting down and abandoning module MovieSceneTools (446)
[2019.09.29-20.12.35:533][ 83]LogModuleManager: Shutting down and abandoning module OutputLog (444)
[2019.09.29-20.12.35:534][ 83]LogModuleManager: Shutting down and abandoning module GammaUI (442)
[2019.09.29-20.12.35:534][ 83]LogModuleManager: Shutting down and abandoning module Documentation (440)
[2019.09.29-20.12.35:534][ 83]LogModuleManager: Shutting down and abandoning module LiveCoding (438)
[2019.09.29-20.12.35:534][ 83]LogModuleManager: Shutting down and abandoning module LevelSequence (436)
[2019.09.29-20.12.35:534][ 83]LogModuleManager: Shutting down and abandoning module MovieSceneTracks (434)
[2019.09.29-20.12.35:534][ 83]LogModuleManager: Shutting down and abandoning module MovieScene (432)
[2019.09.29-20.12.35:534][ 83]LogModuleManager: Shutting down and abandoning module StreamingPauseRendering (430)
[2019.09.29-20.12.35:534][ 83]LogModuleManager: Shutting down and abandoning module LauncherPlatform (428)
[2019.09.29-20.12.35:534][ 83]LogModuleManager: Shutting down and abandoning module AnalyticsET (426)
[2019.09.29-20.12.35:534][ 83]LogModuleManager: Shutting down and abandoning module PortalServices (424)
[2019.09.29-20.12.35:534][ 83]LogModuleManager: Shutting down and abandoning module PortalRpc (422)
[2019.09.29-20.12.35:534][ 83]LogModuleManager: Shutting down and abandoning module MessagingRpc (420)
[2019.09.29-20.12.35:534][ 83]LogModuleManager: Shutting down and abandoning module AIModule (418)
[2019.09.29-20.12.35:534][ 83]LogModuleManager: Shutting down and abandoning module GameplayDebugger (417)
[2019.09.29-20.12.35:534][ 83]LogModuleManager: Shutting down and abandoning module AITestSuite (415)
[2019.09.29-20.12.35:534][ 83]LogModuleManager: Shutting down and abandoning module NavigationSystem (413)
[2019.09.29-20.12.35:534][ 83]LogModuleManager: Shutting down and abandoning module DesktopPlatform (410)
[2019.09.29-20.12.35:534][ 83]LogModuleManager: Shutting down and abandoning module ImageWriteQueue (408)
[2019.09.29-20.12.35:540][ 83]LogModuleManager: Shutting down and abandoning module ProfilerService (406)
[2019.09.29-20.12.35:722][ 83]LogModuleManager: Shutting down and abandoning module TaskGraph (404)
[2019.09.29-20.12.35:723][ 83]LogModuleManager: Shutting down and abandoning module SteamVRController (402)
[2019.09.29-20.12.35:723][ 83]LogModuleManager: Shutting down and abandoning module ProceduralMeshComponentEditor (400)
[2019.09.29-20.12.35:723][ 83]LogModuleManager: Shutting down and abandoning module ProceduralMeshComponent (398)
[2019.09.29-20.12.35:723][ 83]LogModuleManager: Shutting down and abandoning module OculusEditor (396)
[2019.09.29-20.12.35:723][ 83]LogModuleManager: Shutting down and abandoning module OculusInput (394)
[2019.09.29-20.12.35:723][ 83]LogModuleManager: Shutting down and abandoning module MobilePatchingUtils (392)
[2019.09.29-20.12.35:723][ 83]LogModuleManager: Shutting down and abandoning module EditableMesh (390)
[2019.09.29-20.12.35:723][ 83]LogModuleManager: Shutting down and abandoning module CustomMeshComponent (388)
[2019.09.29-20.12.35:723][ 83]LogModuleManager: Shutting down and abandoning module CableComponent (386)
[2019.09.29-20.12.35:723][ 83]LogModuleManager: Shutting down and abandoning module AudioCapture (384)
[2019.09.29-20.12.35:723][ 83]LogModuleManager: Shutting down and abandoning module ArchVisCharacter (382)
[2019.09.29-20.12.35:724][ 83]LogModuleManager: Shutting down and abandoning module AndroidPermission (380)
[2019.09.29-20.12.35:724][ 83]LogModuleManager: Shutting down and abandoning module NUTUnrealEngine4 (378)
[2019.09.29-20.12.35:724][ 83]LogModuleManager: Shutting down and abandoning module NetcodeUnitTest (376)
[2019.09.29-20.12.35:724][ 83]LogModuleManager: Shutting down and abandoning module MediaCompositing (374)
[2019.09.29-20.12.35:724][ 83]LogModuleManager: Shutting down and abandoning module LinearTimecode (372)
[2019.09.29-20.12.35:724][ 83]LogModuleManager: Shutting down and abandoning module ImgMedia (370)
[2019.09.29-20.12.35:724][ 83]LogModuleManager: Shutting down and abandoning module MagicLeapHelperVulkan (368)
[2019.09.29-20.12.35:724][ 83]LogModuleManager: Shutting down and abandoning module MagicLeapHelperOpenGL (366)
[2019.09.29-20.12.35:724][ 83]LogModuleManager: Shutting down and abandoning module MagicLeapAudio (364)
[2019.09.29-20.12.35:724][ 83]LogModuleManager: Shutting down and abandoning module HTML5Networking (362)
[2019.09.29-20.12.35:724][ 83]LogModuleManager: Shutting down and abandoning module GeometryCacheTracks (360)
[2019.09.29-20.12.35:724][ 83]LogModuleManager: Shutting down and abandoning module GeometryCacheSequencer (358)
[2019.09.29-20.12.35:724][ 83]LogModuleManager: Shutting down and abandoning module BackChannel (356)
[2019.09.29-20.12.35:725][ 83]LogModuleManager: Shutting down and abandoning module AppleVision (354)
[2019.09.29-20.12.35:725][ 83]LogModuleManager: Shutting down and abandoning module AppleImageUtilsBlueprintSupport (352)
[2019.09.29-20.12.35:725][ 83]LogModuleManager: Shutting down and abandoning module AppleImageUtils (350)
[2019.09.29-20.12.35:725][ 83]LogModuleManager: Shutting down and abandoning module AlembicImporter (348)
[2019.09.29-20.12.35:725][ 83]LogModuleManager: Shutting down and abandoning module AlembicLibrary (347)
[2019.09.29-20.12.35:725][ 83]LogModuleManager: Shutting down and abandoning module GeometryCache (346)
[2019.09.29-20.12.35:725][ 83]LogModuleManager: Shutting down and abandoning module GeometryCacheEd (345)
[2019.09.29-20.12.35:725][ 83]LogModuleManager: Shutting down and abandoning module VariantManagerContent (340)
[2019.09.29-20.12.35:725][ 83]LogModuleManager: Shutting down and abandoning module DatasmithContentEditor (338)
[2019.09.29-20.12.35:725][ 83]LogModuleManager: Shutting down and abandoning module SpeedTreeImporter (336)
[2019.09.29-20.12.35:725][ 83]LogModuleManager: Shutting down and abandoning module PluginBrowser (334)
[2019.09.29-20.12.35:725][ 83]LogModuleManager: Shutting down and abandoning module MobileLauncherProfileWizard (332)
[2019.09.29-20.12.35:725][ 83]LogModuleManager: Shutting down and abandoning module MaterialAnalyzer (330)
[2019.09.29-20.12.35:725][ 83]LogModuleManager: Shutting down and abandoning module CryptoKeysOpenSSL (328)
[2019.09.29-20.12.35:726][ 83]LogModuleManager: Shutting down and abandoning module CryptoKeys (326)
[2019.09.29-20.12.35:726][ 83]LogModuleManager: Shutting down and abandoning module VisualStudioSourceCodeAccess (324)
[2019.09.29-20.12.35:726][ 83]LogModuleManager: Shutting down and abandoning module VisualStudioCodeSourceCodeAccess (322)
[2019.09.29-20.12.35:726][ 83]LogModuleManager: Shutting down and abandoning module UObjectPlugin (320)
[2019.09.29-20.12.35:726][ 83]LogModuleManager: Shutting down and abandoning module SubversionSourceControl (318)
[2019.09.29-20.12.35:726][ 83]LogModuleManager: Shutting down and abandoning module PerforceSourceControl (316)
[2019.09.29-20.12.35:726][ 83]LogModuleManager: Shutting down and abandoning module GitSourceControl (314)
[2019.09.29-20.12.35:726][ 83]LogModuleManager: Shutting down and abandoning module SourceControl (313)
[2019.09.29-20.12.35:726][ 83]LogModuleManager: Shutting down and abandoning module CLionSourceCodeAccess (310)
[2019.09.29-20.12.35:726][ 83]LogModuleManager: Shutting down and abandoning module AnimationSharingEd (308)
[2019.09.29-20.12.35:726][ 83]LogModuleManager: Shutting down and abandoning module ActorLayerUtilitiesEditor (306)
[2019.09.29-20.12.35:726][ 83]LogModuleManager: Shutting down and abandoning module ActorLayerUtilities (304)
[2019.09.29-20.12.35:727][ 83]LogModuleManager: Shutting down and abandoning module LightPropagationVolumeEditor (302)
[2019.09.29-20.12.35:727][ 83]LogModuleManager: Shutting down and abandoning module PaperTiledImporter (300)
[2019.09.29-20.12.35:727][ 83]LogModuleManager: Shutting down and abandoning module PaperSpriteSheetImporter (298)
[2019.09.29-20.12.35:727][ 83]LogModuleManager: Shutting down and abandoning module Paper2DEditor (296)
[2019.09.29-20.12.35:727][ 83]LogModuleManager: Shutting down and abandoning module SignificanceManager (294)
[2019.09.29-20.12.35:727][ 83]LogModuleManager: Shutting down and abandoning module RuntimePhysXCooking (292)
[2019.09.29-20.12.35:727][ 83]LogModuleManager: Shutting down and abandoning module PhysXVehiclesEditor (290)
[2019.09.29-20.12.35:727][ 83]LogModuleManager: Shutting down and abandoning module PhysXVehicles (288)
[2019.09.29-20.12.35:727][ 83]LogModuleManager: Shutting down and abandoning module LocationServicesBPLibrary (286)
[2019.09.29-20.12.35:727][ 83]LogModuleManager: Shutting down and abandoning module ActorSequence (284)
[2019.09.29-20.12.35:727][ 83]LogModuleManager: Shutting down and abandoning module UdpMessaging (282)
[2019.09.29-20.12.35:829][ 83]LogModuleManager: Shutting down and abandoning module TcpMessaging (280)
[2019.09.29-20.12.35:930][ 83]LogModuleManager: Shutting down and abandoning module MagicLeapIdentity (278)
[2019.09.29-20.12.35:930][ 83]LogModuleManager: Shutting down and abandoning module MagicLeapSecureStorage (276)
[2019.09.29-20.12.35:930][ 83]LogModuleManager: Shutting down and abandoning module MagicLeapHandTracking (274)
[2019.09.29-20.12.35:930][ 83]LogModuleManager: Shutting down and abandoning module MagicLeapEyeTracker (272)
[2019.09.29-20.12.35:930][ 83]LogModuleManager: Shutting down and abandoning module MagicLeapController (270)
[2019.09.29-20.12.35:930][ 83]LogSlate: Slate User Destroyed.  User Index 0, Is Virtual User: 0
[2019.09.29-20.12.35:930][ 83]LogModuleManager: Shutting down and abandoning module MagicLeapAR (268)
[2019.09.29-20.12.35:930][ 83]LogModuleManager: Shutting down and abandoning module AugmentedReality (267)
[2019.09.29-20.12.35:930][ 83]LogModuleManager: Shutting down and abandoning module GameplayTagsEditor (264)
[2019.09.29-20.12.35:930][ 83]LogModuleManager: Shutting down and abandoning module FacialAnimationEditor (262)
[2019.09.29-20.12.35:930][ 83]LogModuleManager: Shutting down and abandoning module FacialAnimation (260)
[2019.09.29-20.12.35:930][ 83]LogModuleManager: Shutting down and abandoning module DataValidation (258)
[2019.09.29-20.12.35:930][ 83]LogModuleManager: Shutting down and abandoning module AssetManagerEditor (256)
[2019.09.29-20.12.35:930][ 83]LogModuleManager: Shutting down and abandoning module LevelEditor (255)
[2019.09.29-20.12.35:931][ 83]LogModuleManager: Shutting down and abandoning module PixelInspectorModule (254)
[2019.09.29-20.12.35:931][ 83]LogModuleManager: Shutting down and abandoning module CommonMenuExtensions (252)
[2019.09.29-20.12.35:931][ 83]LogModuleManager: Shutting down and abandoning module MainFrame (250)
[2019.09.29-20.12.35:931][ 83]LogModuleManager: Shutting down and abandoning module HotReload (249)
[2019.09.29-20.12.35:932][ 83]LogModuleManager: Shutting down and abandoning module ContentBrowser (245)
[2019.09.29-20.12.35:933][ 83]LogModuleManager: Shutting down and abandoning module TreeMap (243)
[2019.09.29-20.12.35:933][ 83]LogModuleManager: Shutting down and abandoning module AnimationSharing (240)
[2019.09.29-20.12.35:933][ 83]LogModuleManager: Shutting down and abandoning module LightPropagationVolumeRuntime (238)
[2019.09.29-20.12.35:933][ 83]LogModuleManager: Shutting down and abandoning module AISupportModule (236)
[2019.09.29-20.12.35:933][ 83]LogModuleManager: Shutting down and abandoning module Paper2D (234)
[2019.09.29-20.12.35:933][ 83]LogModuleManager: Shutting down and abandoning module WindowsMoviePlayer (232)
[2019.09.29-20.12.35:933][ 83]LogModuleManager: Shutting down and abandoning module WebMMoviePlayer (230)
[2019.09.29-20.12.35:933][ 83]LogModuleManager: Shutting down and abandoning module PacketHandler (228)
[2019.09.29-20.12.35:933][ 83]LogModuleManager: Shutting down and abandoning module ClothingSystemEditor (226)
[2019.09.29-20.12.35:933][ 83]LogModuleManager: Shutting down and abandoning module ClothingSystemRuntime (224)
[2019.09.29-20.12.35:933][ 83]LogModuleManager: Shutting down and abandoning module MediaAssets (222)
[2019.09.29-20.12.35:933][ 83]LogModuleManager: Shutting down and abandoning module Overlay (220)
[2019.09.29-20.12.35:933][ 83]LogModuleManager: Shutting down and abandoning module OverlayEditor (219)
[2019.09.29-20.12.35:933][ 83]LogModuleManager: Shutting down and abandoning module VREditor (216)
[2019.09.29-20.12.35:933][ 83]LogModuleManager: Shutting down and abandoning module StringTableEditor (214)
[2019.09.29-20.12.35:933][ 83]LogModuleManager: Shutting down and abandoning module GameplayTasksEditor (212)
[2019.09.29-20.12.35:933][ 83]LogModuleManager: Shutting down and abandoning module BehaviorTreeEditor (210)
[2019.09.29-20.12.35:933][ 83]LogModuleManager: Shutting down and abandoning module FunctionalTesting (208)
[2019.09.29-20.12.35:933][ 83]LogModuleManager: Shutting down and abandoning module CollisionAnalyzer (206)
[2019.09.29-20.12.35:933][ 83]LogModuleManager: Shutting down and abandoning module WorkspaceMenuStructure (205)
[2019.09.29-20.12.35:933][ 83]LogModuleManager: Shutting down and abandoning module UMG (202)
[2019.09.29-20.12.35:933][ 83]LogModuleManager: Shutting down and abandoning module UMGEditor (201)
[2019.09.29-20.12.35:933][ 83]LogModuleManager: Shutting down and abandoning module Sequencer (200)
[2019.09.29-20.12.35:933][ 83]LogModuleManager: Shutting down and abandoning module MessageLog (197)
[2019.09.29-20.12.35:933][ 83]LogModuleManager: Shutting down and abandoning module SlateReflector (192)
[2019.09.29-20.12.35:933][ 83]LogModuleManager: Shutting down and abandoning module Slate (190)
[2019.09.29-20.12.35:934][ 83]LogModuleManager: Shutting down and abandoning module EditorStyle (188)
[2019.09.29-20.12.35:935][ 83]LogModuleManager: Shutting down and abandoning module UnrealEd (186)
[2019.09.29-20.12.35:935][ 83]LogModuleManager: Shutting down and abandoning module MRMesh (184)
[2019.09.29-20.12.35:935][ 83]LogModuleManager: Shutting down and abandoning module SourceCodeAccess (182)
[2019.09.29-20.12.35:935][ 83]LogModuleManager: Shutting down and abandoning module HeadMountedDisplay (180)
[2019.09.29-20.12.35:935][ 83]LogModuleManager: Shutting down and abandoning module XAudio2 (178)
[2019.09.29-20.12.35:935][ 83]LogModuleManager: Shutting down and abandoning module Networking (176)
[2019.09.29-20.12.35:935][ 83]LogModuleManager: Shutting down and abandoning module Core (174)
[2019.09.29-20.12.35:935][ 83]LogModuleManager: Shutting down and abandoning module KismetCompiler (172)
[2019.09.29-20.12.35:935][ 83]LogModuleManager: Shutting down and abandoning module MeshUtilities (170)
[2019.09.29-20.12.35:935][ 83]LogModuleManager: Shutting down and abandoning module MeshMergeUtilities (169)
[2019.09.29-20.12.35:935][ 83]LogModuleManager: Shutting down and abandoning module MeshReductionInterface (168)
[2019.09.29-20.12.35:935][ 83]LogModuleManager: Shutting down and abandoning module SkeletalMeshReduction (167)
[2019.09.29-20.12.35:935][ 83]LogModuleManager: Shutting down and abandoning module ProxyLODMeshReduction (165)
[2019.09.29-20.12.35:935][ 83]LogModuleManager: Shutting down and abandoning module QuadricMeshReduction (163)
[2019.09.29-20.12.35:935][ 83]LogModuleManager: Shutting down and abandoning module MaterialBaking (159)
[2019.09.29-20.12.35:935][ 83]LogModuleManager: Shutting down and abandoning module DerivedDataCache (154)
[2019.09.29-20.12.35:968][ 83]LogDerivedDataCache: Shutdown
[2019.09.29-20.12.35:968][ 83]LogModuleManager: Shutting down and abandoning module XGEController (152)
[2019.09.29-20.12.35:969][ 83]LogXGEController: Cleaning working directory: C:/Users/apape/AppData/Local/Temp/UnrealXGEWorkingDir/
[2019.09.29-20.12.35:969][ 83]LogModuleManager: Shutting down and abandoning module TargetPlatform (150)
[2019.09.29-20.12.35:969][ 83]LogModuleManager: Shutting down and abandoning module VulkanShaderFormat (149)
[2019.09.29-20.12.35:969][ 83]LogModuleManager: Shutting down and abandoning module ShaderFormatVectorVM (147)
[2019.09.29-20.12.35:969][ 83]LogModuleManager: Shutting down and abandoning module ShaderFormatOpenGL (145)
[2019.09.29-20.12.35:969][ 83]LogModuleManager: Shutting down and abandoning module ShaderFormatD3D (143)
[2019.09.29-20.12.35:969][ 83]LogModuleManager: Shutting down and abandoning module MetalShaderFormat (141)
[2019.09.29-20.12.35:969][ 83]LogModuleManager: Shutting down and abandoning module TextureFormatUncompressed (139)
[2019.09.29-20.12.35:969][ 83]LogModuleManager: Shutting down and abandoning module TextureFormatPVR (137)
[2019.09.29-20.12.35:969][ 83]LogModuleManager: Shutting down and abandoning module TextureFormatDXT (135)
[2019.09.29-20.12.35:969][ 83]LogModuleManager: Shutting down and abandoning module TextureFormatIntelISPCTexComp (133)
[2019.09.29-20.12.35:969][ 83]LogModuleManager: Shutting down and abandoning module TextureFormatASTC (131)
[2019.09.29-20.12.35:969][ 83]LogModuleManager: Shutting down and abandoning module ImageWrapper (130)
[2019.09.29-20.12.35:969][ 83]LogModuleManager: Shutting down and abandoning module TextureFormatAndroid (127)
[2019.09.29-20.12.35:969][ 83]LogModuleManager: Shutting down and abandoning module AudioFormatOpus (125)
[2019.09.29-20.12.35:969][ 83]LogModuleManager: Shutting down and abandoning module AudioFormatOgg (123)
[2019.09.29-20.12.35:969][ 83]LogModuleManager: Shutting down and abandoning module AudioFormatADPCM (121)
[2019.09.29-20.12.35:969][ 83]LogModuleManager: Shutting down and abandoning module LuminTargetPlatform (119)
[2019.09.29-20.12.35:970][ 83]LogModuleManager: Shutting down and abandoning module LinuxTargetPlatform (117)
[2019.09.29-20.12.35:970][ 83]LogModuleManager: Shutting down and abandoning module LinuxServerTargetPlatform (115)
[2019.09.29-20.12.35:970][ 83]LogModuleManager: Shutting down and abandoning module LinuxNoEditorTargetPlatform (113)
[2019.09.29-20.12.35:970][ 83]LogModuleManager: Shutting down and abandoning module LinuxClientTargetPlatform (111)
[2019.09.29-20.12.35:970][ 83]LogModuleManager: Shutting down and abandoning module TVOSTargetPlatform (109)
[2019.09.29-20.12.35:971][ 83]LogModuleManager: Shutting down and abandoning module Messaging (107)
[2019.09.29-20.12.35:971][ 83]LogModuleManager: Shutting down and abandoning module IOSTargetPlatform (105)
[2019.09.29-20.12.35:972][ 83]LogModuleManager: Shutting down and abandoning module HTML5TargetPlatform (103)
[2019.09.29-20.12.35:972][ 83]LogModuleManager: Shutting down and abandoning module AndroidTargetPlatform (101)
[2019.09.29-20.12.35:977][ 83]LogModuleManager: Shutting down and abandoning module WindowsTargetPlatform (99)
[2019.09.29-20.12.35:977][ 83]LogModuleManager: Shutting down and abandoning module WindowsServerTargetPlatform (97)
[2019.09.29-20.12.35:977][ 83]LogModuleManager: Shutting down and abandoning module WindowsNoEditorTargetPlatform (95)
[2019.09.29-20.12.35:977][ 83]LogModuleManager: Shutting down and abandoning module WindowsClientTargetPlatform (93)
[2019.09.29-20.12.35:977][ 83]LogModuleManager: Shutting down and abandoning module MacTargetPlatform (91)
[2019.09.29-20.12.35:978][ 83]LogModuleManager: Shutting down and abandoning module MacServerTargetPlatform (89)
[2019.09.29-20.12.35:978][ 83]LogModuleManager: Shutting down and abandoning module MacNoEditorTargetPlatform (87)
[2019.09.29-20.12.35:978][ 83]LogModuleManager: Shutting down and abandoning module MacClientTargetPlatform (85)
[2019.09.29-20.12.35:978][ 83]LogModuleManager: Shutting down and abandoning module AllDesktopTargetPlatform (83)
[2019.09.29-20.12.35:978][ 83]LogModuleManager: Shutting down and abandoning module InputCore (80)
[2019.09.29-20.12.35:978][ 83]LogModuleManager: Shutting down and abandoning module Settings (78)
[2019.09.29-20.12.35:978][ 83]LogModuleManager: Shutting down and abandoning module DirectoryWatcher (76)
[2019.09.29-20.12.35:978][ 83]LogModuleManager: Shutting down and abandoning module PhysXCooking (74)
[2019.09.29-20.12.35:978][ 83]LogModuleManager: Shutting down and abandoning module SteamVR (72)
[2019.09.29-20.12.35:978][ 83]LogHMD: Freeing OpenVRDLLHandle.
[2019.09.29-20.12.35:978][ 83]LogModuleManager: Shutting down and abandoning module OculusHMD (70)
[2019.09.29-20.12.35:978][ 83]LogModuleManager: Shutting down and abandoning module ExampleDeviceProfileSelector (68)
[2019.09.29-20.12.35:978][ 83]LogModuleManager: Shutting down and abandoning module LauncherChunkInstaller (66)
[2019.09.29-20.12.35:978][ 83]LogModuleManager: Shutting down and abandoning module OnlineBlueprintSupport (64)
[2019.09.29-20.12.35:978][ 83]LogModuleManager: Shutting down and abandoning module OnlineSubsystem (60)
[2019.09.29-20.12.35:979][ 83]LogModuleManager: Shutting down and abandoning module XMPP (55)
[2019.09.29-20.12.35:979][ 83]LogModuleManager: Shutting down and abandoning module WebSockets (54)
[2019.09.29-20.12.36:002][ 83]LogModuleManager: Shutting down and abandoning module HTTP (51)
[2019.09.29-20.12.36:002][ 83]LogHttp: Display: Http module shutting down, but needs to wait on 1 outstanding Http requests:
[2019.09.29-20.12.36:002][ 83]LogHttp: Display: 	verb=[POST] url=[https://datarouter.ol.epicgames.com/datarouter/api/v1/public/data?SessionID=%7B77B5799F-4F4D-2F9B-6957-6FB4E8144D9F%7D&AppID=UEEditor.Rocket.Release&AppVersion=4.22.3-7053642%2B%2B%2BUE4%2BRelease-4.22&UserID=9be04c20428e308122bcf58731fbc9cc%7C8d71ca3baabc4228a59b7e69b929cb77%7Ce89b8037-acc8-4526-9b5c-4e8075a29ecc&AppEnvironment=datacollector-binary&UploadType=eteventstream] status=Processing
[2019.09.29-20.12.36:030][ 83]LogModuleManager: Shutting down and abandoning module SSL (50)
[2019.09.29-20.12.36:031][ 83]LogModuleManager: Shutting down and abandoning module WmfMedia (46)
[2019.09.29-20.12.36:032][ 83]LogModuleManager: Shutting down and abandoning module Media (45)
[2019.09.29-20.12.36:039][ 83]LogModuleManager: Shutting down and abandoning module MagicLeap (42)
[2019.09.29-20.12.36:039][ 83]LogModuleManager: Shutting down and abandoning module DatasmithContent (40)
[2019.09.29-20.12.36:040][ 83]LogModuleManager: Shutting down and abandoning module AnimationModifiers (38)
[2019.09.29-20.12.36:040][ 83]LogModuleManager: Shutting down and abandoning module PropertyEditor (37)
[2019.09.29-20.12.36:040][ 83]LogModuleManager: Shutting down and abandoning module AudioEditor (34)
[2019.09.29-20.12.36:040][ 83]LogModuleManager: Shutting down and abandoning module TextureCompressor (32)
[2019.09.29-20.12.36:040][ 83]LogModuleManager: Shutting down and abandoning module RenderCore (30)
[2019.09.29-20.12.36:040][ 83]LogModuleManager: Shutting down and abandoning module Landscape (28)
[2019.09.29-20.12.36:040][ 83]LogModuleManager: Shutting down and abandoning module SlateRHIRenderer (26)
[2019.09.29-20.12.36:040][ 83]LogModuleManager: Shutting down and abandoning module OpenGLDrv (24)
[2019.09.29-20.12.36:040][ 83]LogModuleManager: Shutting down and abandoning module D3D11RHI (22)
[2019.09.29-20.12.36:040][ 83]LogModuleManager: Shutting down and abandoning module AnimGraphRuntime (20)
[2019.09.29-20.12.36:040][ 83]LogModuleManager: Shutting down and abandoning module Renderer (18)
[2019.09.29-20.12.36:040][ 83]LogModuleManager: Shutting down and abandoning module Engine (16)
[2019.09.29-20.12.36:040][ 83]LogModuleManager: Shutting down and abandoning module CoreUObject (14)
[2019.09.29-20.12.36:040][ 83]LogModuleManager: Shutting down and abandoning module NetworkFile (12)
[2019.09.29-20.12.36:040][ 83]LogModuleManager: Shutting down and abandoning module CookedIterativeFile (10)
[2019.09.29-20.12.36:040][ 83]LogModuleManager: Shutting down and abandoning module StreamingFile (8)
[2019.09.29-20.12.36:040][ 83]LogModuleManager: Shutting down and abandoning module SandboxFile (6)
[2019.09.29-20.12.36:040][ 83]LogModuleManager: Shutting down and abandoning module PakFile (4)
[2019.09.29-20.12.36:040][ 83]LogModuleManager: Shutting down and abandoning module RSA (3)
[2019.09.29-20.12.36:049][ 83]LogExit: Exiting.
[2019.09.29-20.12.36:067][ 83]Log file closed, 09/29/19 16:12:36
